This is pdfTeX, Version 3.14159265-2.6-1.40.15 (TeX Live 2014) (preloaded format=pdflatex 2014.5.25)  18 FEB 2015 17:13
entering extended mode
 \write18 enabled.
 %&-line parsing enabled.
**hw4.tex
(./hw4.tex
LaTeX2e <2014/05/01>
Babel <3.9k> and hyphenation patterns for 78 languages loaded.
(/usr/local/texlive/2014/texmf-dist/tex/latex/base/article.cls
Document Class: article 2007/10/19 v1.4h Standard LaTeX document class
(/usr/local/texlive/2014/texmf-dist/tex/latex/base/size10.clo
File: size10.clo 2007/10/19 v1.4h Standard LaTeX file (size option)
)
\c@part=\count79
\c@section=\count80
\c@subsection=\count81
\c@subsubsection=\count82
\c@paragraph=\count83
\c@subparagraph=\count84
\c@figure=\count85
\c@table=\count86
\abovecaptionskip=\skip41
\belowcaptionskip=\skip42
\bibindent=\dimen102
)
(/usr/local/texlive/2014/texmf-dist/tex/latex/graphics/graphicx.sty
Package: graphicx 2014/04/25 v1.0g Enhanced LaTeX Graphics (DPC,SPQR)

(/usr/local/texlive/2014/texmf-dist/tex/latex/graphics/keyval.sty
Package: keyval 2014/05/08 v1.15 key=value parser (DPC)
\KV@toks@=\toks14
)
(/usr/local/texlive/2014/texmf-dist/tex/latex/graphics/graphics.sty
Package: graphics 2009/02/05 v1.0o Standard LaTeX Graphics (DPC,SPQR)

(/usr/local/texlive/2014/texmf-dist/tex/latex/graphics/trig.sty
Package: trig 1999/03/16 v1.09 sin cos tan (DPC)
)
(/usr/local/texlive/2014/texmf-dist/tex/latex/latexconfig/graphics.cfg
File: graphics.cfg 2010/04/23 v1.9 graphics configuration of TeX Live
)
Package graphics Info: Driver file: pdftex.def on input line 91.

(/usr/local/texlive/2014/texmf-dist/tex/latex/pdftex-def/pdftex.def
File: pdftex.def 2011/05/27 v0.06d Graphics/color for pdfTeX

(/usr/local/texlive/2014/texmf-dist/tex/generic/oberdiek/infwarerr.sty
Package: infwarerr 2010/04/08 v1.3 Providing info/warning/error messages (HO)
)
(/usr/local/texlive/2014/texmf-dist/tex/generic/oberdiek/ltxcmds.sty
Package: ltxcmds 2011/11/09 v1.22 LaTeX kernel commands for general use (HO)
)
\Gread@gobject=\count87
))
\Gin@req@height=\dimen103
\Gin@req@width=\dimen104
)
(/usr/local/texlive/2014/texmf-dist/tex/latex/graphics/color.sty
Package: color 2014/04/23 v1.1a Standard LaTeX Color (DPC)

(/usr/local/texlive/2014/texmf-dist/tex/latex/latexconfig/color.cfg
File: color.cfg 2007/01/18 v1.5 color configuration of teTeX/TeXLive
)
Package color Info: Driver file: pdftex.def on input line 137.
)
(/usr/local/texlive/2014/texmf-dist/tex/latex/framed/framed.sty
Package: framed 2011/10/22 v 0.96: framed or shaded text with page breaks
\OuterFrameSep=\skip43
\fb@frw=\dimen105
\fb@frh=\dimen106
\FrameRule=\dimen107
\FrameSep=\dimen108
)
(/usr/local/texlive/2014/texmf-dist/tex/latex/base/alltt.sty
Package: alltt 1997/06/16 v2.0g defines alltt environment
)
(/usr/local/texlive/2014/texmf-dist/tex/latex/tools/enumerate.sty
Package: enumerate 1999/03/05 v3.00 enumerate extensions (DPC)
\@enLab=\toks15
)
(/usr/local/texlive/2014/texmf-dist/tex/latex/amsmath/amsmath.sty
Package: amsmath 2013/01/14 v2.14 AMS math features
\@mathmargin=\skip44

For additional information on amsmath, use the `?' option.
(/usr/local/texlive/2014/texmf-dist/tex/latex/amsmath/amstext.sty
Package: amstext 2000/06/29 v2.01

(/usr/local/texlive/2014/texmf-dist/tex/latex/amsmath/amsgen.sty
File: amsgen.sty 1999/11/30 v2.0
\@emptytoks=\toks16
\ex@=\dimen109
))
(/usr/local/texlive/2014/texmf-dist/tex/latex/amsmath/amsbsy.sty
Package: amsbsy 1999/11/29 v1.2d
\pmbraise@=\dimen110
)
(/usr/local/texlive/2014/texmf-dist/tex/latex/amsmath/amsopn.sty
Package: amsopn 1999/12/14 v2.01 operator names
)
\inf@bad=\count88
LaTeX Info: Redefining \frac on input line 210.
\uproot@=\count89
\leftroot@=\count90
LaTeX Info: Redefining \overline on input line 306.
\classnum@=\count91
\DOTSCASE@=\count92
LaTeX Info: Redefining \ldots on input line 378.
LaTeX Info: Redefining \dots on input line 381.
LaTeX Info: Redefining \cdots on input line 466.
\Mathstrutbox@=\box26
\strutbox@=\box27
\big@size=\dimen111
LaTeX Font Info:    Redeclaring font encoding OML on input line 566.
LaTeX Font Info:    Redeclaring font encoding OMS on input line 567.
\macc@depth=\count93
\c@MaxMatrixCols=\count94
\dotsspace@=\muskip10
\c@parentequation=\count95
\dspbrk@lvl=\count96
\tag@help=\toks17
\row@=\count97
\column@=\count98
\maxfields@=\count99
\andhelp@=\toks18
\eqnshift@=\dimen112
\alignsep@=\dimen113
\tagshift@=\dimen114
\tagwidth@=\dimen115
\totwidth@=\dimen116
\lineht@=\dimen117
\@envbody=\toks19
\multlinegap=\skip45
\multlinetaggap=\skip46
\mathdisplay@stack=\toks20
LaTeX Info: Redefining \[ on input line 2665.
LaTeX Info: Redefining \] on input line 2666.
)
(/usr/local/texlive/2014/texmf-dist/tex/latex/upquote/upquote.sty
Package: upquote 2012/04/19 v1.3 upright-quote and grave-accent glyphs in verba
tim
) (./hw4.aux)
\openout1 = `hw4.aux'.

LaTeX Font Info:    Checking defaults for OML/cmm/m/it on input line 54.
LaTeX Font Info:    ... okay on input line 54.
LaTeX Font Info:    Checking defaults for T1/cmr/m/n on input line 54.
LaTeX Font Info:    ... okay on input line 54.
LaTeX Font Info:    Checking defaults for OT1/cmr/m/n on input line 54.
LaTeX Font Info:    ... okay on input line 54.
LaTeX Font Info:    Checking defaults for OMS/cmsy/m/n on input line 54.
LaTeX Font Info:    ... okay on input line 54.
LaTeX Font Info:    Checking defaults for OMX/cmex/m/n on input line 54.
LaTeX Font Info:    ... okay on input line 54.
LaTeX Font Info:    Checking defaults for U/cmr/m/n on input line 54.
LaTeX Font Info:    ... okay on input line 54.

(/usr/local/texlive/2014/texmf-dist/tex/context/base/supp-pdf.mkii
[Loading MPS to PDF converter (version 2006.09.02).]
\scratchcounter=\count100
\scratchdimen=\dimen118
\scratchbox=\box28
\nofMPsegments=\count101
\nofMParguments=\count102
\everyMPshowfont=\toks21
\MPscratchCnt=\count103
\MPscratchDim=\dimen119
\MPnumerator=\count104
\makeMPintoPDFobject=\count105
\everyMPtoPDFconversion=\toks22
) (/usr/local/texlive/2014/texmf-dist/tex/generic/oberdiek/pdftexcmds.sty
Package: pdftexcmds 2011/11/29 v0.20 Utility functions of pdfTeX for LuaTeX (HO
)

(/usr/local/texlive/2014/texmf-dist/tex/generic/oberdiek/ifluatex.sty
Package: ifluatex 2010/03/01 v1.3 Provides the ifluatex switch (HO)
Package ifluatex Info: LuaTeX not detected.
)
(/usr/local/texlive/2014/texmf-dist/tex/generic/oberdiek/ifpdf.sty
Package: ifpdf 2011/01/30 v2.3 Provides the ifpdf switch (HO)
Package ifpdf Info: pdfTeX in PDF mode is detected.
)
Package pdftexcmds Info: LuaTeX not detected.
Package pdftexcmds Info: \pdf@primitive is available.
Package pdftexcmds Info: \pdf@ifprimitive is available.
Package pdftexcmds Info: \pdfdraftmode found.
)
(/usr/local/texlive/2014/texmf-dist/tex/latex/oberdiek/epstopdf-base.sty
Package: epstopdf-base 2010/02/09 v2.5 Base part for package epstopdf

(/usr/local/texlive/2014/texmf-dist/tex/latex/oberdiek/grfext.sty
Package: grfext 2010/08/19 v1.1 Manage graphics extensions (HO)

(/usr/local/texlive/2014/texmf-dist/tex/generic/oberdiek/kvdefinekeys.sty
Package: kvdefinekeys 2011/04/07 v1.3 Define keys (HO)
))
(/usr/local/texlive/2014/texmf-dist/tex/latex/oberdiek/kvoptions.sty
Package: kvoptions 2011/06/30 v3.11 Key value format for package options (HO)

(/usr/local/texlive/2014/texmf-dist/tex/generic/oberdiek/kvsetkeys.sty
Package: kvsetkeys 2012/04/25 v1.16 Key value parser (HO)

(/usr/local/texlive/2014/texmf-dist/tex/generic/oberdiek/etexcmds.sty
Package: etexcmds 2011/02/16 v1.5 Avoid name clashes with e-TeX commands (HO)
Package etexcmds Info: Could not find \expanded.
(etexcmds)             That can mean that you are not using pdfTeX 1.50 or
(etexcmds)             that some package has redefined \expanded.
(etexcmds)             In the latter case, load this package earlier.
)))
Package grfext Info: Graphics extension search list:
(grfext)             [.png,.pdf,.jpg,.mps,.jpeg,.jbig2,.jb2,.PNG,.PDF,.JPG,.JPE
G,.JBIG2,.JB2,.eps]
(grfext)             \AppendGraphicsExtensions on input line 452.

(/usr/local/texlive/2014/texmf-dist/tex/latex/latexconfig/epstopdf-sys.cfg
File: epstopdf-sys.cfg 2010/07/13 v1.3 Configuration of (r)epstopdf for TeX Liv
e
))
[1

{/usr/local/texlive/2014/texmf-var/fonts/map/pdftex/updmap/pdftex.map}]
[2]
Package color Info: Redefining color shadecolor on input line 71.
LaTeX Font Info:    Font shape `OT1/cmtt/bx/n' in size <10> not available
(Font)              Font shape `OT1/cmtt/m/n' tried instead on input line 73.

Overfull \hbox (61.27443pt too wide) in paragraph at lines 93--93
[]\OT1/cmtt/m/n/10 ##           1           2           3           4          
 5           6[] 
 []


Overfull \hbox (61.27443pt too wide) in paragraph at lines 93--93
[]\OT1/cmtt/m/n/10 ## -1.27916667 -0.24166667  1.52083333 -0.84583333  0.691666
67  0.15416667[] 
 []


Overfull \hbox (61.27443pt too wide) in paragraph at lines 93--93
[]\OT1/cmtt/m/n/10 ##           7           8           9          10          
11          12[] 
 []


Overfull \hbox (61.27443pt too wide) in paragraph at lines 93--93
[]\OT1/cmtt/m/n/10 ##  0.62083333  0.05833333 -0.67916667  0.55416667  0.191666
67 -0.74583333[] 
 []


Overfull \hbox (61.27443pt too wide) in paragraph at lines 93--93
[]\OT1/cmtt/m/n/10 ##          13          14          15          16          
17          18[] 
 []


Overfull \hbox (61.27443pt too wide) in paragraph at lines 93--93
[]\OT1/cmtt/m/n/10 ##  0.52083333 -0.34166667 -0.17916667 -0.14583333  0.391666
67 -0.24583333[] 
 []


Overfull \hbox (61.27443pt too wide) in paragraph at lines 93--93
[]\OT1/cmtt/m/n/10 ##          19          20          21          22          
23          24[] 
 []


Overfull \hbox (61.27443pt too wide) in paragraph at lines 93--93
[]\OT1/cmtt/m/n/10 ##  0.98750000 -0.77500000 -0.21250000 -0.41250000  0.025000
00  0.38750000[] 
 []

<figure/unnamed-chunk-1-1.pdf, id=12, 505.89pt x 505.89pt>
File: figure/unnamed-chunk-1-1.pdf Graphic file (type pdf)

<use figure/unnamed-chunk-1-1.pdf>
Package pdftex.def Info: figure/unnamed-chunk-1-1.pdf used on input line 100.
(pdftex.def)             Requested size: 327.22218pt x 327.2267pt.
 [3]
Package color Info: Redefining color shadecolor on input line 109.

<figure/unnamed-chunk-2-1.pdf, id=17, 505.89pt x 505.89pt>
File: figure/unnamed-chunk-2-1.pdf Graphic file (type pdf)

<use figure/unnamed-chunk-2-1.pdf>
Package pdftex.def Info: figure/unnamed-chunk-2-1.pdf used on input line 114.
(pdftex.def)             Requested size: 327.22218pt x 327.2267pt.
 [4 <./figure/unnamed-chunk-1-1.pdf>]
Package color Info: Redefining color shadecolor on input line 123.

<figure/unnamed-chunk-3-1.pdf, id=26, 505.89pt x 505.89pt>
File: figure/unnamed-chunk-3-1.pdf Graphic file (type pdf)

<use figure/unnamed-chunk-3-1.pdf>
Package pdftex.def Info: figure/unnamed-chunk-3-1.pdf used on input line 128.
(pdftex.def)             Requested size: 327.22218pt x 327.2267pt.
 [5 <./figure/unnamed-chunk-2-1.pdf>]
Package color Info: Redefining color shadecolor on input line 137.

Overfull \hbox (14.02484pt too wide) in paragraph at lines 154--154
[]\OT1/cmtt/m/n/10 ## Signif. codes:  0 ^^M***^^M 0.001 ^^M**^^M 0.01 ^^M*^^M 0
.05 ^^M.^^M 0.1 ^^M ^^M 1[] 
 []

[6 <./figure/unnamed-chunk-3-1.pdf>]
Package color Info: Redefining color shadecolor on input line 193.

Overfull \hbox (14.02484pt too wide) in paragraph at lines 210--210
[]\OT1/cmtt/m/n/10 ## Signif. codes:  0 ^^M***^^M 0.001 ^^M**^^M 0.01 ^^M*^^M 0
.05 ^^M.^^M 0.1 ^^M ^^M 1[] 
 []

Package color Info: Redefining color shadecolor on input line 217.
[7]
Package color Info: Redefining color shadecolor on input line 250.
 <figure/unnamed-chunk-7-1.pdf, id=53, 505.89pt x 505.89pt>
File: figure/unnamed-chunk-7-1.pdf Graphic file (type pdf)

<use figure/unnamed-chunk-7-1.pdf>
Package pdftex.def Info: figure/unnamed-chunk-7-1.pdf used on input line 298.
(pdftex.def)             Requested size: 327.22218pt x 327.2267pt.
 [8]
Overfull \hbox (71.59099pt too wide) in paragraph at lines 313--313
[] 
 []


Overfull \hbox (17.77782pt too wide) detected at line 313
[]
 []

[9 <./figure/unnamed-chunk-7-1.pdf>]
Package color Info: Redefining color shadecolor on input line 334.

Overfull \hbox (50.77452pt too wide) in paragraph at lines 356--356
[]\OT1/cmtt/m/n/10 ##      1      2      3      4      5      6      7      8  
    9     10[] 
 []


Overfull \hbox (50.77452pt too wide) in paragraph at lines 356--356
[]\OT1/cmtt/m/n/10 ## -0.045  0.045  0.045 -0.045 -0.120  0.120  0.120 -0.120  
0.080 -0.080[] 
 []


Overfull \hbox (50.77452pt too wide) in paragraph at lines 356--356
[]\OT1/cmtt/m/n/10 ##     11     12     13     14     15     16     17     18  
   19     20[] 
 []


Overfull \hbox (50.77452pt too wide) in paragraph at lines 356--356
[]\OT1/cmtt/m/n/10 ## -0.080  0.080 -0.045  0.045  0.045 -0.045  0.080 -0.080 -
0.080  0.080[] 
 []


Overfull \hbox (50.77452pt too wide) in paragraph at lines 356--356
[]\OT1/cmtt/m/n/10 ##     21     22     23     24     25     26     27     28  
   29     30[] 
 []


Overfull \hbox (50.77452pt too wide) in paragraph at lines 356--356
[]\OT1/cmtt/m/n/10 ##  0.055 -0.055 -0.055  0.055  0.030 -0.030 -0.030  0.030 -
0.045  0.045[] 
 []


Overfull \hbox (50.77452pt too wide) in paragraph at lines 356--356
[]\OT1/cmtt/m/n/10 ##     31     32     33     34     35     36     37     38  
   39     40[] 
 []


Overfull \hbox (50.77452pt too wide) in paragraph at lines 356--356
[]\OT1/cmtt/m/n/10 ##  0.045 -0.045  0.055 -0.055 -0.055  0.055 -0.045  0.045  
0.045 -0.045[] 
 []

<figure/unnamed-chunk-8-1.pdf, id=66, 505.89pt x 505.89pt>
File: figure/unnamed-chunk-8-1.pdf Graphic file (type pdf)

<use figure/unnamed-chunk-8-1.pdf>
Package pdftex.def Info: figure/unnamed-chunk-8-1.pdf used on input line 363.
(pdftex.def)             Requested size: 327.22218pt x 327.2267pt.
 [10]
Package color Info: Redefining color shadecolor on input line 372.

<figure/unnamed-chunk-9-1.pdf, id=70, 505.89pt x 505.89pt>
File: figure/unnamed-chunk-9-1.pdf Graphic file (type pdf)

<use figure/unnamed-chunk-9-1.pdf>
Package pdftex.def Info: figure/unnamed-chunk-9-1.pdf used on input line 377.
(pdftex.def)             Requested size: 327.22218pt x 327.2267pt.
 [11 <./figure/unnamed-chunk-8-1.pdf>]
Package color Info: Redefining color shadecolor on input line 392.

[12 <./figure/unnamed-chunk-9-1.pdf>]
Package color Info: Redefining color shadecolor on input line 424.

<figure/unnamed-chunk-11-1.pdf, id=87, 505.89pt x 505.89pt>
File: figure/unnamed-chunk-11-1.pdf Graphic file (type pdf)

<use figure/unnamed-chunk-11-1.pdf>
Package pdftex.def Info: figure/unnamed-chunk-11-1.pdf used on input line 433.
(pdftex.def)             Requested size: 327.22218pt x 327.2267pt.
 [13]
Package color Info: Redefining color shadecolor on input line 442.
 [14 <./figure/unnamed-chunk-11-1.pdf>]
Package color Info: Redefining color shadecolor on input line 475.
Package color Info: Redefining color shadecolor on input line 506.
Package color Info: Redefining color shadecolor on input line 539.
[15]
Overfull \hbox (40.74434pt too wide) in paragraph at lines 602--602
[] 
 []


Overfull \hbox (17.77782pt too wide) detected at line 602
[]
 []

[16]
Package color Info: Redefining color shadecolor on input line 615.

Overfull \hbox (77.02429pt too wide) in paragraph at lines 633--633
[]\OT1/cmtt/m/n/10 ##    1    2    3    4    5    6    7    8    9   10   11   
12   13   14   15[] 
 []


Overfull \hbox (77.02429pt too wide) in paragraph at lines 633--633
[]\OT1/cmtt/m/n/10 ## -0.6  0.6 -1.7  1.7  0.4 -0.4  1.3 -1.3 -0.6  0.6  0.3 -0
.3  0.4 -0.4 -0.2[] 
 []

<figure/unnamed-chunk-16-1.pdf, id=106, 505.89pt x 505.89pt>
File: figure/unnamed-chunk-16-1.pdf Graphic file (type pdf)

<use figure/unnamed-chunk-16-1.pdf>
Package pdftex.def Info: figure/unnamed-chunk-16-1.pdf used on input line 640.
(pdftex.def)             Requested size: 327.22218pt x 327.2267pt.
 [17]
Package color Info: Redefining color shadecolor on input line 649.

<figure/unnamed-chunk-17-1.pdf, id=110, 505.89pt x 505.89pt>
File: figure/unnamed-chunk-17-1.pdf Graphic file (type pdf)

<use figure/unnamed-chunk-17-1.pdf>
Package pdftex.def Info: figure/unnamed-chunk-17-1.pdf used on input line 658.
(pdftex.def)             Requested size: 327.22218pt x 327.2267pt.
 [18 <./figure/unnamed-chunk-16-1.pdf>]
Package color Info: Redefining color shadecolor on input line 673.

Overfull \hbox (14.02484pt too wide) in paragraph at lines 695--695
[]\OT1/cmtt/m/n/10 ## Signif. codes:  0 ^^M***^^M 0.001 ^^M**^^M 0.01 ^^M*^^M 0
.05 ^^M.^^M 0.1 ^^M ^^M 1[] 
 []

[19 <./figure/unnamed-chunk-17-1.pdf>]
Package color Info: Redefining color shadecolor on input line 702.

<figure/unnamed-chunk-19-1.pdf, id=128, 505.89pt x 505.89pt>
File: figure/unnamed-chunk-19-1.pdf Graphic file (type pdf)

<use figure/unnamed-chunk-19-1.pdf>
Package pdftex.def Info: figure/unnamed-chunk-19-1.pdf used on input line 711.
(pdftex.def)             Requested size: 327.22218pt x 327.2267pt.
Package color Info: Redefining color shadecolor on input line 720.
 [20 <./figure/unnamed-chunk-19-1.pdf>]
Package color Info: Redefining color shadecolor on input line 753.
Package color Info: Redefining color shadecolor on input line 784.

[21]
Package color Info: Redefining color shadecolor on input line 817.
 [22]
Overfull \hbox (15.81828pt too wide) in paragraph at lines 893--893
[] 
 []


Overfull \hbox (97.62149pt too wide) in paragraph at lines 922--922
[] 
 []

[23] [24] [25] (./hw4.aux) ) 
Here is how much of TeX's memory you used:
 2302 strings out of 493117
 32255 string characters out of 6135433
 104804 words of memory out of 5000000
 5727 multiletter control sequences out of 15000+600000
 9182 words of font info for 34 fonts, out of 8000000 for 9000
 1141 hyphenation exceptions out of 8191
 38i,17n,23p,299b,346s stack positions out of 5000i,500n,10000p,200000b,80000s
</usr/local/texlive/2014/texmf-dist/fonts/type1/pub
lic/amsfonts/cm/cmbx12.pfb></usr/local/texlive/2014/texmf-dist/fonts/type1/publ
ic/amsfonts/cm/cmex10.pfb></usr/local/texlive/2014/texmf-dist/fonts/type1/publi
c/amsfonts/cm/cmmi10.pfb></usr/local/texlive/2014/texmf-dist/fonts/type1/public
/amsfonts/cm/cmmi7.pfb></usr/local/texlive/2014/texmf-dist/fonts/type1/public/a
msfonts/cm/cmr10.pfb></usr/local/texlive/2014/texmf-dist/fonts/type1/public/ams
fonts/cm/cmr12.pfb></usr/local/texlive/2014/texmf-dist/fonts/type1/public/amsfo
nts/cm/cmr7.pfb></usr/local/texlive/2014/texmf-dist/fonts/type1/public/amsfonts
/cm/cmsy10.pfb></usr/local/texlive/2014/texmf-dist/fonts/type1/public/amsfonts/
cm/cmsy5.pfb></usr/local/texlive/2014/texmf-dist/fonts/type1/public/amsfonts/cm
/cmsy7.pfb></usr/local/texlive/2014/texmf-dist/fonts/type1/public/amsfonts/cm/c
mtt10.pfb>
Output written on hw4.pdf (25 pages, 209051 bytes).
PDF statistics:
 190 PDF objects out of 1000 (max. 8388607)
 130 compressed objects within 2 object streams
 0 named destinations out of 1000 (max. 500000)
 51 words of extra memory for PDF output out of 10000 (max. 10000000)

