This is pdfTeX, Version 3.14159265-2.6-1.40.15 (TeX Live 2014) (preloaded format=pdflatex 2014.5.25)  25 FEB 2015 15:53
entering extended mode
 \write18 enabled.
 %&-line parsing enabled.
**hw6_new.tex
(./hw6_new.tex
LaTeX2e <2014/05/01>
Babel <3.9k> and hyphenation patterns for 78 languages loaded.
(/usr/local/texlive/2014/texmf-dist/tex/latex/base/article.cls
Document Class: article 2007/10/19 v1.4h Standard LaTeX document class
(/usr/local/texlive/2014/texmf-dist/tex/latex/base/size10.clo
File: size10.clo 2007/10/19 v1.4h Standard LaTeX file (size option)
)
\c@part=\count79
\c@section=\count80
\c@subsection=\count81
\c@subsubsection=\count82
\c@paragraph=\count83
\c@subparagraph=\count84
\c@figure=\count85
\c@table=\count86
\abovecaptionskip=\skip41
\belowcaptionskip=\skip42
\bibindent=\dimen102
)
(/usr/local/texlive/2014/texmf-dist/tex/latex/graphics/graphicx.sty
Package: graphicx 2014/04/25 v1.0g Enhanced LaTeX Graphics (DPC,SPQR)

(/usr/local/texlive/2014/texmf-dist/tex/latex/graphics/keyval.sty
Package: keyval 2014/05/08 v1.15 key=value parser (DPC)
\KV@toks@=\toks14
)
(/usr/local/texlive/2014/texmf-dist/tex/latex/graphics/graphics.sty
Package: graphics 2009/02/05 v1.0o Standard LaTeX Graphics (DPC,SPQR)

(/usr/local/texlive/2014/texmf-dist/tex/latex/graphics/trig.sty
Package: trig 1999/03/16 v1.09 sin cos tan (DPC)
)
(/usr/local/texlive/2014/texmf-dist/tex/latex/latexconfig/graphics.cfg
File: graphics.cfg 2010/04/23 v1.9 graphics configuration of TeX Live
)
Package graphics Info: Driver file: pdftex.def on input line 91.

(/usr/local/texlive/2014/texmf-dist/tex/latex/pdftex-def/pdftex.def
File: pdftex.def 2011/05/27 v0.06d Graphics/color for pdfTeX

(/usr/local/texlive/2014/texmf-dist/tex/generic/oberdiek/infwarerr.sty
Package: infwarerr 2010/04/08 v1.3 Providing info/warning/error messages (HO)
)
(/usr/local/texlive/2014/texmf-dist/tex/generic/oberdiek/ltxcmds.sty
Package: ltxcmds 2011/11/09 v1.22 LaTeX kernel commands for general use (HO)
)
\Gread@gobject=\count87
))
\Gin@req@height=\dimen103
\Gin@req@width=\dimen104
)
(/usr/local/texlive/2014/texmf-dist/tex/latex/graphics/color.sty
Package: color 2014/04/23 v1.1a Standard LaTeX Color (DPC)

(/usr/local/texlive/2014/texmf-dist/tex/latex/latexconfig/color.cfg
File: color.cfg 2007/01/18 v1.5 color configuration of teTeX/TeXLive
)
Package color Info: Driver file: pdftex.def on input line 137.
)
(/usr/local/texlive/2014/texmf-dist/tex/latex/framed/framed.sty
Package: framed 2011/10/22 v 0.96: framed or shaded text with page breaks
\OuterFrameSep=\skip43
\fb@frw=\dimen105
\fb@frh=\dimen106
\FrameRule=\dimen107
\FrameSep=\dimen108
)
(/usr/local/texlive/2014/texmf-dist/tex/latex/base/alltt.sty
Package: alltt 1997/06/16 v2.0g defines alltt environment
)
(/usr/local/texlive/2014/texmf-dist/tex/latex/tools/enumerate.sty
Package: enumerate 1999/03/05 v3.00 enumerate extensions (DPC)
\@enLab=\toks15
)
(/usr/local/texlive/2014/texmf-dist/tex/latex/amsmath/amsmath.sty
Package: amsmath 2013/01/14 v2.14 AMS math features
\@mathmargin=\skip44

For additional information on amsmath, use the `?' option.
(/usr/local/texlive/2014/texmf-dist/tex/latex/amsmath/amstext.sty
Package: amstext 2000/06/29 v2.01

(/usr/local/texlive/2014/texmf-dist/tex/latex/amsmath/amsgen.sty
File: amsgen.sty 1999/11/30 v2.0
\@emptytoks=\toks16
\ex@=\dimen109
))
(/usr/local/texlive/2014/texmf-dist/tex/latex/amsmath/amsbsy.sty
Package: amsbsy 1999/11/29 v1.2d
\pmbraise@=\dimen110
)
(/usr/local/texlive/2014/texmf-dist/tex/latex/amsmath/amsopn.sty
Package: amsopn 1999/12/14 v2.01 operator names
)
\inf@bad=\count88
LaTeX Info: Redefining \frac on input line 210.
\uproot@=\count89
\leftroot@=\count90
LaTeX Info: Redefining \overline on input line 306.
\classnum@=\count91
\DOTSCASE@=\count92
LaTeX Info: Redefining \ldots on input line 378.
LaTeX Info: Redefining \dots on input line 381.
LaTeX Info: Redefining \cdots on input line 466.
\Mathstrutbox@=\box26
\strutbox@=\box27
\big@size=\dimen111
LaTeX Font Info:    Redeclaring font encoding OML on input line 566.
LaTeX Font Info:    Redeclaring font encoding OMS on input line 567.
\macc@depth=\count93
\c@MaxMatrixCols=\count94
\dotsspace@=\muskip10
\c@parentequation=\count95
\dspbrk@lvl=\count96
\tag@help=\toks17
\row@=\count97
\column@=\count98
\maxfields@=\count99
\andhelp@=\toks18
\eqnshift@=\dimen112
\alignsep@=\dimen113
\tagshift@=\dimen114
\tagwidth@=\dimen115
\totwidth@=\dimen116
\lineht@=\dimen117
\@envbody=\toks19
\multlinegap=\skip45
\multlinetaggap=\skip46
\mathdisplay@stack=\toks20
LaTeX Info: Redefining \[ on input line 2665.
LaTeX Info: Redefining \] on input line 2666.
)
(/usr/local/texlive/2014/texmf-dist/tex/latex/upquote/upquote.sty
Package: upquote 2012/04/19 v1.3 upright-quote and grave-accent glyphs in verba
tim
)
(./hw6_new.aux)
\openout1 = `hw6_new.aux'.

LaTeX Font Info:    Checking defaults for OML/cmm/m/it on input line 54.
LaTeX Font Info:    ... okay on input line 54.
LaTeX Font Info:    Checking defaults for T1/cmr/m/n on input line 54.
LaTeX Font Info:    ... okay on input line 54.
LaTeX Font Info:    Checking defaults for OT1/cmr/m/n on input line 54.
LaTeX Font Info:    ... okay on input line 54.
LaTeX Font Info:    Checking defaults for OMS/cmsy/m/n on input line 54.
LaTeX Font Info:    ... okay on input line 54.
LaTeX Font Info:    Checking defaults for OMX/cmex/m/n on input line 54.
LaTeX Font Info:    ... okay on input line 54.
LaTeX Font Info:    Checking defaults for U/cmr/m/n on input line 54.
LaTeX Font Info:    ... okay on input line 54.

(/usr/local/texlive/2014/texmf-dist/tex/context/base/supp-pdf.mkii
[Loading MPS to PDF converter (version 2006.09.02).]
\scratchcounter=\count100
\scratchdimen=\dimen118
\scratchbox=\box28
\nofMPsegments=\count101
\nofMParguments=\count102
\everyMPshowfont=\toks21
\MPscratchCnt=\count103
\MPscratchDim=\dimen119
\MPnumerator=\count104
\makeMPintoPDFobject=\count105
\everyMPtoPDFconversion=\toks22
) (/usr/local/texlive/2014/texmf-dist/tex/generic/oberdiek/pdftexcmds.sty
Package: pdftexcmds 2011/11/29 v0.20 Utility functions of pdfTeX for LuaTeX (HO
)

(/usr/local/texlive/2014/texmf-dist/tex/generic/oberdiek/ifluatex.sty
Package: ifluatex 2010/03/01 v1.3 Provides the ifluatex switch (HO)
Package ifluatex Info: LuaTeX not detected.
)
(/usr/local/texlive/2014/texmf-dist/tex/generic/oberdiek/ifpdf.sty
Package: ifpdf 2011/01/30 v2.3 Provides the ifpdf switch (HO)
Package ifpdf Info: pdfTeX in PDF mode is detected.
)
Package pdftexcmds Info: LuaTeX not detected.
Package pdftexcmds Info: \pdf@primitive is available.
Package pdftexcmds Info: \pdf@ifprimitive is available.
Package pdftexcmds Info: \pdfdraftmode found.
)
(/usr/local/texlive/2014/texmf-dist/tex/latex/oberdiek/epstopdf-base.sty
Package: epstopdf-base 2010/02/09 v2.5 Base part for package epstopdf

(/usr/local/texlive/2014/texmf-dist/tex/latex/oberdiek/grfext.sty
Package: grfext 2010/08/19 v1.1 Manage graphics extensions (HO)

(/usr/local/texlive/2014/texmf-dist/tex/generic/oberdiek/kvdefinekeys.sty
Package: kvdefinekeys 2011/04/07 v1.3 Define keys (HO)
))
(/usr/local/texlive/2014/texmf-dist/tex/latex/oberdiek/kvoptions.sty
Package: kvoptions 2011/06/30 v3.11 Key value format for package options (HO)

(/usr/local/texlive/2014/texmf-dist/tex/generic/oberdiek/kvsetkeys.sty
Package: kvsetkeys 2012/04/25 v1.16 Key value parser (HO)

(/usr/local/texlive/2014/texmf-dist/tex/generic/oberdiek/etexcmds.sty
Package: etexcmds 2011/02/16 v1.5 Avoid name clashes with e-TeX commands (HO)
Package etexcmds Info: Could not find \expanded.
(etexcmds)             That can mean that you are not using pdfTeX 1.50 or
(etexcmds)             that some package has redefined \expanded.
(etexcmds)             In the latter case, load this package earlier.
)))
Package grfext Info: Graphics extension search list:
(grfext)             [.png,.pdf,.jpg,.mps,.jpeg,.jbig2,.jb2,.PNG,.PDF,.JPG,.JPE
G,.JBIG2,.JB2,.eps]
(grfext)             \AppendGraphicsExtensions on input line 452.

(/usr/local/texlive/2014/texmf-dist/tex/latex/latexconfig/epstopdf-sys.cfg
File: epstopdf-sys.cfg 2010/07/13 v1.3 Configuration of (r)epstopdf for TeX Liv
e
))
[1

{/usr/local/texlive/2014/texmf-var/fonts/map/pdftex/updmap/pdftex.map}]
[2]
Package color Info: Redefining color shadecolor on input line 71.
LaTeX Font Info:    Font shape `OT1/cmtt/bx/n' in size <10> not available
(Font)              Font shape `OT1/cmtt/m/n' tried instead on input line 73.

Overfull \hbox (14.02484pt too wide) in paragraph at lines 102--102
[]\OT1/cmtt/m/n/10 ## Signif. codes:  0 ^^M***^^M 0.001 ^^M**^^M 0.01 ^^M*^^M 0
.05 ^^M.^^M 0.1 ^^M ^^M 1[] 
 []


Overfull \hbox (13.52843pt too wide) in paragraph at lines 120--120
[] \OT1/cmr/m/n/10 From the sum-mary, the max-i-mum like-li-hood es-ti-mates of
 $\OML/cmm/m/it/10 b[] \OT1/cmr/m/n/10 = \OMS/cmsy/m/n/10 ^^@\OT1/cmr/m/n/10 10
\OML/cmm/m/it/10 :\OT1/cmr/m/n/10 308925$,
 []

[3]
Package color Info: Redefining color shadecolor on input line 125.
 <figure/unnamed-chunk-2-1.pdf, id=19, 505.89pt x 505.89pt>
File: figure/unnamed-chunk-2-1.pdf Graphic file (type pdf)

<use figure/unnamed-chunk-2-1.pdf>
Package pdftex.def Info: figure/unnamed-chunk-2-1.pdf used on input line 134.
(pdftex.def)             Requested size: 327.22218pt x 327.2267pt.
Package color Info: Redefining color shadecolor on input line 143.
Package color Info: Redefining color shadecolor on input line 158.
 [4 <./figure/unnamed-chunk-2-1.pdf>]
Package color Info: Redefining color shadecolor on input line 181.

Overfull \hbox (19.2748pt too wide) in paragraph at lines 221--221
[]\OT1/cmtt/m/n/10 ##        (Intercept)  1 comps  2 comps  3 comps  4 comps  5
 comps[] 
 []


Overfull \hbox (19.2748pt too wide) in paragraph at lines 221--221
[]\OT1/cmtt/m/n/10 ## CV           1.021   0.3245   0.2416   0.1843   0.1718   
0.2124[] 
 []


Overfull \hbox (19.2748pt too wide) in paragraph at lines 221--221
[]\OT1/cmtt/m/n/10 ## adjCV        1.021   0.3186   0.2405   0.1802   0.1692   
0.2082[] 
 []


Overfull \hbox (24.52475pt too wide) in paragraph at lines 257--257
[]\OT1/cmtt/m/n/10 ##         Comp 1      Comp 2      Comp 3       Comp 4      
 Comp 5[] 
 []


Overfull \hbox (24.52475pt too wide) in paragraph at lines 257--257
[]\OT1/cmtt/m/n/10 ## 1  -1.43809414  0.31257891 -0.66465691 -0.238439173  0.15
9569798[] 
 []


Overfull \hbox (24.52475pt too wide) in paragraph at lines 257--257
[]\OT1/cmtt/m/n/10 ## 2   1.65010464 -1.22067017 -0.64427193  0.663274381 -0.86
5798881[] 
 []


Overfull \hbox (24.52475pt too wide) in paragraph at lines 257--257
[]\OT1/cmtt/m/n/10 ## 3  -1.05278777  0.23602481 -0.31050170 -0.020291335  0.00
8296669[] 
 []


Overfull \hbox (24.52475pt too wide) in paragraph at lines 257--257
[]\OT1/cmtt/m/n/10 ## 4   2.04913072  1.58847399  1.43430866  0.056609088  0.99
8283179[] 
 []


Overfull \hbox (24.52475pt too wide) in paragraph at lines 257--257
[]\OT1/cmtt/m/n/10 ## 5  -1.13936477  0.29816779  0.09920242 -0.077974453 -0.31
5614625[] 
 []


Overfull \hbox (24.52475pt too wide) in paragraph at lines 257--257
[]\OT1/cmtt/m/n/10 ## 6   0.43417694 -0.26004572 -1.00952515  0.650608213  0.64
3434804[] 
 []


Overfull \hbox (24.52475pt too wide) in paragraph at lines 257--257
[]\OT1/cmtt/m/n/10 ## 7  -1.22623584 -0.17772037 -1.20001375 -0.068573074  0.28
0347608[] 
 []


Overfull \hbox (24.52475pt too wide) in paragraph at lines 257--257
[]\OT1/cmtt/m/n/10 ## 8  -0.65767426  0.36330099  1.03967609 -0.268877399 -1.37
0326788[] 
 []


Overfull \hbox (24.52475pt too wide) in paragraph at lines 257--257
[]\OT1/cmtt/m/n/10 ## 9   1.42140486 -1.39664727  1.71050459 -0.349167349  1.20
8806076[] 
 []


Overfull \hbox (24.52475pt too wide) in paragraph at lines 257--257
[]\OT1/cmtt/m/n/10 ## 10  5.48855488  0.07922404 -1.42064358 -0.711330743 -0.86
5767632[] 
 []


Overfull \hbox (24.52475pt too wide) in paragraph at lines 257--257
[]\OT1/cmtt/m/n/10 ## 11  1.98211289  1.07654279 -0.19360273  0.247458345  0.42
6744426[] 
 []


Overfull \hbox (24.52475pt too wide) in paragraph at lines 257--257
[]\OT1/cmtt/m/n/10 ## 12  0.04614307 -0.64535432  0.61846253 -0.480354282  1.05
7377814[] 
 []


Overfull \hbox (24.52475pt too wide) in paragraph at lines 257--257
[]\OT1/cmtt/m/n/10 ## 13 -0.71466027  0.75759510 -0.14154088 -0.168335371  0.11
6132220[] 
 []


Overfull \hbox (24.52475pt too wide) in paragraph at lines 257--257
[]\OT1/cmtt/m/n/10 ## 14 -0.89066011 -0.24878365  1.32675710 -0.194652611 -0.42
1211010[] 
 []


Overfull \hbox (24.52475pt too wide) in paragraph at lines 257--257
[]\OT1/cmtt/m/n/10 ## 15  0.41103483 -1.04629327  0.48064460  0.246649352  0.30
6896982[] 
 []


Overfull \hbox (24.52475pt too wide) in paragraph at lines 257--257
[]\OT1/cmtt/m/n/10 ## 16 -1.02148397 -0.21942028  1.30789234 -0.154167563 -0.56
4857509[] 
 []


Overfull \hbox (24.52475pt too wide) in paragraph at lines 257--257
[]\OT1/cmtt/m/n/10 ## 17  0.77416093 -0.20479803 -0.70800362 -0.161374329 -0.17
4850186[] 
 []


Overfull \hbox (24.52475pt too wide) in paragraph at lines 257--257
[]\OT1/cmtt/m/n/10 ## 18 -1.24116621  0.12113528 -0.52207912 -0.071041829  0.03
6778165[] 
 []


Overfull \hbox (24.52475pt too wide) in paragraph at lines 257--257
[]\OT1/cmtt/m/n/10 ## 19 -0.36723658 -0.32047183  0.43733622  0.267294081 -0.91
0453651[] 
 []


Overfull \hbox (24.52475pt too wide) in paragraph at lines 257--257
[]\OT1/cmtt/m/n/10 ## 20 -1.18318143  0.27366081  0.02535909 -0.014259103 -0.18
4750720[] 
 []


Overfull \hbox (24.52475pt too wide) in paragraph at lines 257--257
[]\OT1/cmtt/m/n/10 ## 21 -1.21222218 -0.07162508 -1.09128123 -0.058437672  0.30
9847588[] 
 []


Overfull \hbox (24.52475pt too wide) in paragraph at lines 257--257
[]\OT1/cmtt/m/n/10 ## 22 -1.43423671  0.17603426  0.16663071 -0.203393131 -0.59
4314019[] 
 []


Overfull \hbox (24.52475pt too wide) in paragraph at lines 257--257
[]\OT1/cmtt/m/n/10 ## 23  1.20087805  0.46813038  1.30158137  0.899514178 -0.31
3846232[] 
 []


Overfull \hbox (24.52475pt too wide) in paragraph at lines 257--257
[]\OT1/cmtt/m/n/10 ## 24 -1.14387561 -0.16195504 -1.19339577 -0.004177028  0.35
9346058[] 
 []


Overfull \hbox (24.52475pt too wide) in paragraph at lines 257--257
[]\OT1/cmtt/m/n/10 ## 25 -0.73482194  0.22291589 -0.84883933  0.213438810  0.66
9929866[] 
 []


Overfull \hbox (35.02466pt too wide) in paragraph at lines 276--276
[]\OT1/cmtt/m/n/10 ## Warning in (n - 1)/(n - k - 1) * (1 - r.sq): longer objec
t length
 []


Overfull \hbox (19.2748pt too wide) in paragraph at lines 278--278
[]\OT1/cmtt/m/n/10 ## [1] 0.9179826 0.9621455 0.9762286 0.9761200 0.9753684 0.8
952000[] 
 []

[5] [6] <figure/unnamed-chunk-5-1.pdf, id=35, 505.89pt x 505.89pt>
File: figure/unnamed-chunk-5-1.pdf Graphic file (type pdf)

<use figure/unnamed-chunk-5-1.pdf>
Package pdftex.def Info: figure/unnamed-chunk-5-1.pdf used on input line 283.
(pdftex.def)             Requested size: 327.22218pt x 327.2267pt.
 [7]
Package color Info: Redefining color shadecolor on input line 292.

Overfull \hbox (19.2748pt too wide) in paragraph at lines 305--305
[]\OT1/cmtt/m/n/10 ## [1] 257.8982188  26.5677233  13.3653846   0.8592965   0.3
692308[] 
 []

[8 <./figure/unnamed-chunk-5-1.pdf>]
Package color Info: Redefining color shadecolor on input line 320.

<figure/unnamed-chunk-7-1.pdf, id=48, 505.89pt x 505.89pt>
File: figure/unnamed-chunk-7-1.pdf Graphic file (type pdf)

<use figure/unnamed-chunk-7-1.pdf>
Package pdftex.def Info: figure/unnamed-chunk-7-1.pdf used on input line 340.
(pdftex.def)             Requested size: 327.22218pt x 327.2267pt.
 [9 <./figure/unnamed-chunk-7-1.pdf>]
<figure/unnamed-chunk-7-2.pdf, id=57, 505.89pt x 505.89pt>
File: figure/unnamed-chunk-7-2.pdf Graphic file (type pdf)

<use figure/unnamed-chunk-7-2.pdf>
Package pdftex.def Info: figure/unnamed-chunk-7-2.pdf used on input line 345.
(pdftex.def)             Requested size: 327.22218pt x 327.2267pt.

<figure/unnamed-chunk-7-3.pdf, id=58, 505.89pt x 505.89pt>
File: figure/unnamed-chunk-7-3.pdf Graphic file (type pdf)

<use figure/unnamed-chunk-7-3.pdf>
Package pdftex.def Info: figure/unnamed-chunk-7-3.pdf used on input line 350.
(pdftex.def)             Requested size: 327.22218pt x 327.2267pt.
 [10 <./figure/unnamed-chunk-7-2.pdf>]
Overfull \hbox (44.84796pt too wide) detected at line 354
\OML/cmm/m/it/10 Y[] \OT1/cmr/m/n/10 = \OMS/cmsy/m/n/10 ^^@\OT1/cmr/m/n/10 0\OM
L/cmm/m/it/10 :\OT1/cmr/m/n/10 11356364\OML/cmm/m/it/10 X[] \OT1/cmr/m/n/10 + 0
\OML/cmm/m/it/10 :\OT1/cmr/m/n/10 34543343\OML/cmm/m/it/10 X[] \OMS/cmsy/m/n/10
 ^^@ \OT1/cmr/m/n/10 0\OML/cmm/m/it/10 :\OT1/cmr/m/n/10 02384503\OML/cmm/m/it/1
0 X[] \OT1/cmr/m/n/10 + 0\OML/cmm/m/it/10 :\OT1/cmr/m/n/10 05143543\OML/cmm/m/i
t/10 X[] \OT1/cmr/m/n/10 + 0\OML/cmm/m/it/10 :\OT1/cmr/m/n/10 67482746\OML/cmm/
m/it/10 X[]
 []

Package color Info: Redefining color shadecolor on input line 366.

Overfull \hbox (8.77489pt too wide) in paragraph at lines 386--386
[]\OT1/cmtt/m/n/10 ## Warning: Option grouped=FALSE enforced in cv.glmnet, sinc
e <
 []

[11 <./figure/unnamed-chunk-7-3.pdf>]
<figure/unnamed-chunk-8-1.pdf, id=77, 505.89pt x 505.89pt>
File: figure/unnamed-chunk-8-1.pdf Graphic file (type pdf)

<use figure/unnamed-chunk-8-1.pdf>
Package pdftex.def Info: figure/unnamed-chunk-8-1.pdf used on input line 390.
(pdftex.def)             Requested size: 327.22218pt x 327.2267pt.
Package color Info: Redefining color shadecolor on input line 403.
 [12 <./figure/unnamed-chunk-8-1.pdf>]
<figure/unnamed-chunk-9-1.pdf, id=86, 505.89pt x 505.89pt>
File: figure/unnamed-chunk-9-1.pdf Graphic file (type pdf)

<use figure/unnamed-chunk-9-1.pdf>
Package pdftex.def Info: figure/unnamed-chunk-9-1.pdf used on input line 422.
(pdftex.def)             Requested size: 327.22218pt x 327.2267pt.

<figure/unnamed-chunk-9-2.pdf, id=87, 505.89pt x 505.89pt>
File: figure/unnamed-chunk-9-2.pdf Graphic file (type pdf)

<use figure/unnamed-chunk-9-2.pdf>
Package pdftex.def Info: figure/unnamed-chunk-9-2.pdf used on input line 428.
(pdftex.def)             Requested size: 327.22218pt x 327.2267pt.
 [13 <./figure/unnamed-chunk-9-1.pdf>]
<figure/unnamed-chunk-9-3.pdf, id=97, 505.89pt x 505.89pt>
File: figure/unnamed-chunk-9-3.pdf Graphic file (type pdf)

<use figure/unnamed-chunk-9-3.pdf>
Package pdftex.def Info: figure/unnamed-chunk-9-3.pdf used on input line 433.
(pdftex.def)             Requested size: 327.22218pt x 327.2267pt.
 [14 <./figure/unnamed-chunk-9-2.pdf>]
Overfull \hbox (94.84811pt too wide) detected at line 437
\OML/cmm/m/it/10 Y[] \OT1/cmr/m/n/10 = \OMS/cmsy/m/n/10 ^^@\OT1/cmr/m/n/10 0\OM
L/cmm/m/it/10 :\OT1/cmr/m/n/10 0610260558\OML/cmm/m/it/10 X[] \OT1/cmr/m/n/10 +
 0\OML/cmm/m/it/10 :\OT1/cmr/m/n/10 2646220373\OML/cmm/m/it/10 X[] \OT1/cmr/m/n
/10 + 0\OML/cmm/m/it/10 :\OT1/cmr/m/n/10 0002055733\OML/cmm/m/it/10 X[] \OT1/cm
r/m/n/10 + 0\OML/cmm/m/it/10 :\OT1/cmr/m/n/10 0237525845\OML/cmm/m/it/10 X[] \O
T1/cmr/m/n/10 + 0\OML/cmm/m/it/10 :\OT1/cmr/m/n/10 6758144083\OML/cmm/m/it/10 X
[]
 []

Package color Info: Redefining color shadecolor on input line 451.
LaTeX Font Info:    Try loading font information for OMS+cmtt on input line 460
.
(/Library/Frameworks/R.framework/Resources/share/texmf/tex/latex/omscmtt.fd
File: omscmtt.fd 
)
LaTeX Font Info:    Font shape `OMS/cmtt/m/n' in size <10> not available
(Font)              Font shape `OMS/cmsy/m/n' tried instead on input line 460.

[15 <./figure/unnamed-chunk-9-3.pdf>]
<figure/unnamed-chunk-10-1.pdf, id=115, 505.89pt x 505.89pt>
File: figure/unnamed-chunk-10-1.pdf Graphic file (type pdf)

<use figure/unnamed-chunk-10-1.pdf>
Package pdftex.def Info: figure/unnamed-chunk-10-1.pdf used on input line 470.
(pdftex.def)             Requested size: 327.22218pt x 327.2267pt.

Overfull \hbox (24.52475pt too wide) in paragraph at lines 472--472
[]  []\OT1/cmtt/m/n/10 d.opt[] []=[] []optimize[][](d.foo,[] []c[][]([][]0[][],
[] []100[][]), sig.sq, lambda, e.beta); d.opt[][] 
 []

[16 <./figure/unnamed-chunk-10-1.pdf>]
Package color Info: Redefining color shadecolor on input line 487.

<figure/unnamed-chunk-11-1.pdf, id=124, 505.89pt x 505.89pt>
File: figure/unnamed-chunk-11-1.pdf Graphic file (type pdf)

<use figure/unnamed-chunk-11-1.pdf>
Package pdftex.def Info: figure/unnamed-chunk-11-1.pdf used on input line 506.
(pdftex.def)             Requested size: 327.22218pt x 327.2267pt.
 [17 <./figure/unnamed-chunk-11-1.pdf>]
Overfull \hbox (14.02484pt too wide) in paragraph at lines 508--508
[][]\OT1/cmtt/m/n/10 l.opt[] []=[] []optimize[][](l.foo,[] []c[][]([][]0[][],[]
 []100[][]), sig.sq, lambda, e.beta); l.opt[][] 
 []

Package color Info: Redefining color shadecolor on input line 523.
[18] (./hw6_new.aux) ) 
Here is how much of TeX's memory you used:
 2328 strings out of 493117
 32885 string characters out of 6135433
 104804 words of memory out of 5000000
 5747 multiletter control sequences out of 15000+600000
 9350 words of font info for 35 fonts, out of 8000000 for 9000
 1141 hyphenation exceptions out of 8191
 38i,7n,23p,285b,378s stack positions out of 5000i,500n,10000p,200000b,80000s
</usr/local/texlive/2014/texmf-dist/fonts/type1/public/am
sfonts/cm/cmbx12.pfb></usr/local/texlive/2014/texmf-dist/fonts/type1/public/ams
fonts/cm/cmitt10.pfb></usr/local/texlive/2014/texmf-dist/fonts/type1/public/ams
fonts/cm/cmmi10.pfb></usr/local/texlive/2014/texmf-dist/fonts/type1/public/amsf
onts/cm/cmr10.pfb></usr/local/texlive/2014/texmf-dist/fonts/type1/public/amsfon
ts/cm/cmr12.pfb></usr/local/texlive/2014/texmf-dist/fonts/type1/public/amsfonts
/cm/cmr7.pfb></usr/local/texlive/2014/texmf-dist/fonts/type1/public/amsfonts/cm
/cmsy10.pfb></usr/local/texlive/2014/texmf-dist/fonts/type1/public/amsfonts/cm/
cmsy7.pfb></usr/local/texlive/2014/texmf-dist/fonts/type1/public/amsfonts/cm/cm
tt10.pfb>
Output written on hw6_new.pdf (18 pages, 286961 bytes).
PDF statistics:
 167 PDF objects out of 1000 (max. 8388607)
 114 compressed objects within 2 object streams
 0 named destinations out of 1000 (max. 500000)
 56 words of extra memory for PDF output out of 10000 (max. 10000000)

