This is pdfTeX, Version 3.14159265-2.6-1.40.15 (TeX Live 2014) (preloaded format=pdflatex 2014.5.25)  15 JAN 2015 09:20
entering extended mode
 \write18 enabled.
 %&-line parsing enabled.
**hw1.tex
(./hw1.tex
LaTeX2e <2014/05/01>
Babel <3.9k> and hyphenation patterns for 78 languages loaded.
(/usr/local/texlive/2014/texmf-dist/tex/latex/base/article.cls
Document Class: article 2007/10/19 v1.4h Standard LaTeX document class
(/usr/local/texlive/2014/texmf-dist/tex/latex/base/size10.clo
File: size10.clo 2007/10/19 v1.4h Standard LaTeX file (size option)
)
\c@part=\count79
\c@section=\count80
\c@subsection=\count81
\c@subsubsection=\count82
\c@paragraph=\count83
\c@subparagraph=\count84
\c@figure=\count85
\c@table=\count86
\abovecaptionskip=\skip41
\belowcaptionskip=\skip42
\bibindent=\dimen102
)
(/usr/local/texlive/2014/texmf-dist/tex/latex/graphics/graphicx.sty
Package: graphicx 2014/04/25 v1.0g Enhanced LaTeX Graphics (DPC,SPQR)

(/usr/local/texlive/2014/texmf-dist/tex/latex/graphics/keyval.sty
Package: keyval 2014/05/08 v1.15 key=value parser (DPC)
\KV@toks@=\toks14
)
(/usr/local/texlive/2014/texmf-dist/tex/latex/graphics/graphics.sty
Package: graphics 2009/02/05 v1.0o Standard LaTeX Graphics (DPC,SPQR)

(/usr/local/texlive/2014/texmf-dist/tex/latex/graphics/trig.sty
Package: trig 1999/03/16 v1.09 sin cos tan (DPC)
)
(/usr/local/texlive/2014/texmf-dist/tex/latex/latexconfig/graphics.cfg
File: graphics.cfg 2010/04/23 v1.9 graphics configuration of TeX Live
)
Package graphics Info: Driver file: pdftex.def on input line 91.

(/usr/local/texlive/2014/texmf-dist/tex/latex/pdftex-def/pdftex.def
File: pdftex.def 2011/05/27 v0.06d Graphics/color for pdfTeX

(/usr/local/texlive/2014/texmf-dist/tex/generic/oberdiek/infwarerr.sty
Package: infwarerr 2010/04/08 v1.3 Providing info/warning/error messages (HO)
)
(/usr/local/texlive/2014/texmf-dist/tex/generic/oberdiek/ltxcmds.sty
Package: ltxcmds 2011/11/09 v1.22 LaTeX kernel commands for general use (HO)
)
\Gread@gobject=\count87
))
\Gin@req@height=\dimen103
\Gin@req@width=\dimen104
)
(/usr/local/texlive/2014/texmf-dist/tex/latex/graphics/color.sty
Package: color 2014/04/23 v1.1a Standard LaTeX Color (DPC)

(/usr/local/texlive/2014/texmf-dist/tex/latex/latexconfig/color.cfg
File: color.cfg 2007/01/18 v1.5 color configuration of teTeX/TeXLive
)
Package color Info: Driver file: pdftex.def on input line 137.
)
(/usr/local/texlive/2014/texmf-dist/tex/latex/framed/framed.sty
Package: framed 2011/10/22 v 0.96: framed or shaded text with page breaks
\OuterFrameSep=\skip43
\fb@frw=\dimen105
\fb@frh=\dimen106
\FrameRule=\dimen107
\FrameSep=\dimen108
)
(/usr/local/texlive/2014/texmf-dist/tex/latex/base/alltt.sty
Package: alltt 1997/06/16 v2.0g defines alltt environment
)
(/usr/local/texlive/2014/texmf-dist/tex/latex/tools/enumerate.sty
Package: enumerate 1999/03/05 v3.00 enumerate extensions (DPC)
\@enLab=\toks15
)
(/usr/local/texlive/2014/texmf-dist/tex/latex/amsmath/amsmath.sty
Package: amsmath 2013/01/14 v2.14 AMS math features
\@mathmargin=\skip44

For additional information on amsmath, use the `?' option.
(/usr/local/texlive/2014/texmf-dist/tex/latex/amsmath/amstext.sty
Package: amstext 2000/06/29 v2.01

(/usr/local/texlive/2014/texmf-dist/tex/latex/amsmath/amsgen.sty
File: amsgen.sty 1999/11/30 v2.0
\@emptytoks=\toks16
\ex@=\dimen109
))
(/usr/local/texlive/2014/texmf-dist/tex/latex/amsmath/amsbsy.sty
Package: amsbsy 1999/11/29 v1.2d
\pmbraise@=\dimen110
)
(/usr/local/texlive/2014/texmf-dist/tex/latex/amsmath/amsopn.sty
Package: amsopn 1999/12/14 v2.01 operator names
)
\inf@bad=\count88
LaTeX Info: Redefining \frac on input line 210.
\uproot@=\count89
\leftroot@=\count90
LaTeX Info: Redefining \overline on input line 306.
\classnum@=\count91
\DOTSCASE@=\count92
LaTeX Info: Redefining \ldots on input line 378.
LaTeX Info: Redefining \dots on input line 381.
LaTeX Info: Redefining \cdots on input line 466.
\Mathstrutbox@=\box26
\strutbox@=\box27
\big@size=\dimen111
LaTeX Font Info:    Redeclaring font encoding OML on input line 566.
LaTeX Font Info:    Redeclaring font encoding OMS on input line 567.
\macc@depth=\count93
\c@MaxMatrixCols=\count94
\dotsspace@=\muskip10
\c@parentequation=\count95
\dspbrk@lvl=\count96
\tag@help=\toks17
\row@=\count97
\column@=\count98
\maxfields@=\count99
\andhelp@=\toks18
\eqnshift@=\dimen112
\alignsep@=\dimen113
\tagshift@=\dimen114
\tagwidth@=\dimen115
\totwidth@=\dimen116
\lineht@=\dimen117
\@envbody=\toks19
\multlinegap=\skip45
\multlinetaggap=\skip46
\mathdisplay@stack=\toks20
LaTeX Info: Redefining \[ on input line 2665.
LaTeX Info: Redefining \] on input line 2666.
)
(/usr/local/texlive/2014/texmf-dist/tex/latex/upquote/upquote.sty
Package: upquote 2012/04/19 v1.3 upright-quote and grave-accent glyphs in verba
tim
) (./hw1.aux)
\openout1 = `hw1.aux'.

LaTeX Font Info:    Checking defaults for OML/cmm/m/it on input line 54.
LaTeX Font Info:    ... okay on input line 54.
LaTeX Font Info:    Checking defaults for T1/cmr/m/n on input line 54.
LaTeX Font Info:    ... okay on input line 54.
LaTeX Font Info:    Checking defaults for OT1/cmr/m/n on input line 54.
LaTeX Font Info:    ... okay on input line 54.
LaTeX Font Info:    Checking defaults for OMS/cmsy/m/n on input line 54.
LaTeX Font Info:    ... okay on input line 54.
LaTeX Font Info:    Checking defaults for OMX/cmex/m/n on input line 54.
LaTeX Font Info:    ... okay on input line 54.
LaTeX Font Info:    Checking defaults for U/cmr/m/n on input line 54.
LaTeX Font Info:    ... okay on input line 54.

(/usr/local/texlive/2014/texmf-dist/tex/context/base/supp-pdf.mkii
[Loading MPS to PDF converter (version 2006.09.02).]
\scratchcounter=\count100
\scratchdimen=\dimen118
\scratchbox=\box28
\nofMPsegments=\count101
\nofMParguments=\count102
\everyMPshowfont=\toks21
\MPscratchCnt=\count103
\MPscratchDim=\dimen119
\MPnumerator=\count104
\makeMPintoPDFobject=\count105
\everyMPtoPDFconversion=\toks22
) (/usr/local/texlive/2014/texmf-dist/tex/generic/oberdiek/pdftexcmds.sty
Package: pdftexcmds 2011/11/29 v0.20 Utility functions of pdfTeX for LuaTeX (HO
)

(/usr/local/texlive/2014/texmf-dist/tex/generic/oberdiek/ifluatex.sty
Package: ifluatex 2010/03/01 v1.3 Provides the ifluatex switch (HO)
Package ifluatex Info: LuaTeX not detected.
)
(/usr/local/texlive/2014/texmf-dist/tex/generic/oberdiek/ifpdf.sty
Package: ifpdf 2011/01/30 v2.3 Provides the ifpdf switch (HO)
Package ifpdf Info: pdfTeX in PDF mode is detected.
)
Package pdftexcmds Info: LuaTeX not detected.
Package pdftexcmds Info: \pdf@primitive is available.
Package pdftexcmds Info: \pdf@ifprimitive is available.
Package pdftexcmds Info: \pdfdraftmode found.
)
(/usr/local/texlive/2014/texmf-dist/tex/latex/oberdiek/epstopdf-base.sty
Package: epstopdf-base 2010/02/09 v2.5 Base part for package epstopdf

(/usr/local/texlive/2014/texmf-dist/tex/latex/oberdiek/grfext.sty
Package: grfext 2010/08/19 v1.1 Manage graphics extensions (HO)

(/usr/local/texlive/2014/texmf-dist/tex/generic/oberdiek/kvdefinekeys.sty
Package: kvdefinekeys 2011/04/07 v1.3 Define keys (HO)
))
(/usr/local/texlive/2014/texmf-dist/tex/latex/oberdiek/kvoptions.sty
Package: kvoptions 2011/06/30 v3.11 Key value format for package options (HO)

(/usr/local/texlive/2014/texmf-dist/tex/generic/oberdiek/kvsetkeys.sty
Package: kvsetkeys 2012/04/25 v1.16 Key value parser (HO)

(/usr/local/texlive/2014/texmf-dist/tex/generic/oberdiek/etexcmds.sty
Package: etexcmds 2011/02/16 v1.5 Avoid name clashes with e-TeX commands (HO)
Package etexcmds Info: Could not find \expanded.
(etexcmds)             That can mean that you are not using pdfTeX 1.50 or
(etexcmds)             that some package has redefined \expanded.
(etexcmds)             In the latter case, load this package earlier.
)))
Package grfext Info: Graphics extension search list:
(grfext)             [.png,.pdf,.jpg,.mps,.jpeg,.jbig2,.jb2,.PNG,.PDF,.JPG,.JPE
G,.JBIG2,.JB2,.eps]
(grfext)             \AppendGraphicsExtensions on input line 452.

(/usr/local/texlive/2014/texmf-dist/tex/latex/latexconfig/epstopdf-sys.cfg
File: epstopdf-sys.cfg 2010/07/13 v1.3 Configuration of (r)epstopdf for TeX Liv
e
))
[1

{/usr/local/texlive/2014/texmf-var/fonts/map/pdftex/updmap/pdftex.map}]
Package color Info: Redefining color shadecolor on input line 69.
LaTeX Font Info:    Font shape `OT1/cmtt/bx/n' in size <10> not available
(Font)              Font shape `OT1/cmtt/m/n' tried instead on input line 71.

Overfull \hbox (14.02484pt too wide) in paragraph at lines 77--77
[]  []\OT1/cmtt/m/n/10 fit[] []=[] []lm[][](Y[] []~[] []as.factor[][](A)[] []*[
] []as.factor[][](B)[] []*[] []as.factor[][](C) , elec)[][] 
 []


Overfull \hbox (61.27443pt too wide) in paragraph at lines 92--92
[]\OT1/cmtt/m/n/10 ##     1     2     3     4     5     6     7     8     9    
10    11    12[] 
 []


Overfull \hbox (61.27443pt too wide) in paragraph at lines 92--92
[]\OT1/cmtt/m/n/10 ##  31.4 -43.6  17.4  20.4 -25.6 -30.0  48.0  18.0 -55.0  19
.0  44.8 -23.2[] 
 []


Overfull \hbox (61.27443pt too wide) in paragraph at lines 92--92
[]\OT1/cmtt/m/n/10 ##    13    14    15    16    17    18    19    20    21    
22    23    24[] 
 []


Overfull \hbox (61.27443pt too wide) in paragraph at lines 92--92
[]\OT1/cmtt/m/n/10 ## -33.2  20.8  -9.2  -3.4 -12.4   0.6 -25.4  40.6  -1.2 -28
.2 -17.2  13.8[] 
 []


Overfull \hbox (61.27443pt too wide) in paragraph at lines 92--92
[]\OT1/cmtt/m/n/10 ##    25    26    27    28    29    30    31    32    33    
34    35    36[] 
 []


Overfull \hbox (61.27443pt too wide) in paragraph at lines 92--92
[]\OT1/cmtt/m/n/10 ##  32.8 -18.2  15.8   5.8  25.8 -29.2  29.6  39.6 -32.4 -34
.4  -2.4  -6.6[] 
 []


Overfull \hbox (61.27443pt too wide) in paragraph at lines 92--92
[]\OT1/cmtt/m/n/10 ##    37    38    39    40    41    42    43    44    45    
46    47    48[] 
 []


Overfull \hbox (61.27443pt too wide) in paragraph at lines 92--92
[]\OT1/cmtt/m/n/10 ## -22.6  10.4  21.4  -2.6  27.6 -34.4 -26.4  50.6 -17.4  -4
.6  12.4  25.4[] 
 []


Overfull \hbox (61.27443pt too wide) in paragraph at lines 92--92
[]\OT1/cmtt/m/n/10 ##    49    50    51    52    53    54    55    56    57    
58    59    60[] 
 []


Overfull \hbox (61.27443pt too wide) in paragraph at lines 92--92
[]\OT1/cmtt/m/n/10 ## -34.6   1.4   0.6  -0.4  14.6 -20.4   5.6 -19.4   4.6 -43
.4  50.6   7.6[] 
 []

<figure/unnamed-chunk-1-1.pdf, id=9, 505.89pt x 505.89pt>
File: figure/unnamed-chunk-1-1.pdf Graphic file (type pdf)

<use figure/unnamed-chunk-1-1.pdf>
Package pdftex.def Info: figure/unnamed-chunk-1-1.pdf used on input line 97.
(pdftex.def)             Requested size: 327.22218pt x 327.2267pt.
 [2

]
Package color Info: Redefining color shadecolor on input line 106.

<figure/unnamed-chunk-2-1.pdf, id=14, 505.89pt x 505.89pt>
File: figure/unnamed-chunk-2-1.pdf Graphic file (type pdf)

<use figure/unnamed-chunk-2-1.pdf>
Package pdftex.def Info: figure/unnamed-chunk-2-1.pdf used on input line 111.
(pdftex.def)             Requested size: 327.22218pt x 327.2267pt.
 [3 <./figure/unnamed-chunk-1-1.pdf>]
Package color Info: Redefining color shadecolor on input line 134.

Overfull \hbox (50.77452pt too wide) in paragraph at lines 144--144
[]\OT1/cmtt/m/n/10 ##  1.1.1  2.1.1  1.2.1  2.2.1  1.3.1  2.3.1  1.1.2  2.1.2  
1.2.2  2.2.2[] 
 []


Overfull \hbox (50.77452pt too wide) in paragraph at lines 144--144
[]\OT1/cmtt/m/n/10 ## 1218.6 1036.4 1274.2 1077.4 1218.2 1020.4 1051.0  870.6 1
122.4  931.6[] 
 []

[4 <./figure/unnamed-chunk-2-1.pdf>]
Package color Info: Redefining color shadecolor on input line 149.

<figure/unnamed-chunk-4-1.pdf, id=34, 505.89pt x 505.89pt>
File: figure/unnamed-chunk-4-1.pdf Graphic file (type pdf)

<use figure/unnamed-chunk-4-1.pdf>
Package pdftex.def Info: figure/unnamed-chunk-4-1.pdf used on input line 157.
(pdftex.def)             Requested size: 327.22218pt x 327.2267pt.
Package color Info: Redefining color shadecolor on input line 166.

Overfull \hbox (29.7747pt too wide) in paragraph at lines 194--194
[]\OT1/cmtt/m/n/10 ##                                        Df Sum Sq Mean Sq 
 F value[] 
 []


Overfull \hbox (29.7747pt too wide) in paragraph at lines 194--194
[]\OT1/cmtt/m/n/10 ## as.factor(A)                            1 540361  540361 
629.7603[] 
 []


Overfull \hbox (29.7747pt too wide) in paragraph at lines 194--194
[]\OT1/cmtt/m/n/10 ## as.factor(B)                            2  49320   24660 
 28.7396[] 
 []


Overfull \hbox (29.7747pt too wide) in paragraph at lines 194--194
[]\OT1/cmtt/m/n/10 ## as.factor(C)                            1 382402  382402 
445.6679[] 
 []


Overfull \hbox (29.7747pt too wide) in paragraph at lines 194--194
[]\OT1/cmtt/m/n/10 ## as.factor(A):as.factor(B)               2    543     271 
  0.3161[] 
 []


Overfull \hbox (29.7747pt too wide) in paragraph at lines 194--194
[]\OT1/cmtt/m/n/10 ## as.factor(A):as.factor(C)               1     91      91 
  0.1064[] 
 []


Overfull \hbox (29.7747pt too wide) in paragraph at lines 194--194
[]\OT1/cmtt/m/n/10 ## as.factor(B):as.factor(C)               2    911     456 
  0.5310[] 
 []


Overfull \hbox (29.7747pt too wide) in paragraph at lines 194--194
[]\OT1/cmtt/m/n/10 ## as.factor(A):as.factor(B):as.factor(C)  2     19      10 
  0.0111[] 
 []


Overfull \hbox (14.02484pt too wide) in paragraph at lines 194--194
[]\OT1/cmtt/m/n/10 ## Signif. codes:  0 ^^M***^^M 0.001 ^^M**^^M 0.01 ^^M*^^M 0
.05 ^^M.^^M 0.1 ^^M ^^M 1[] 
 []

[5 <./figure/unnamed-chunk-4-1.pdf>] [6] [7]
Package color Info: Redefining color shadecolor on input line 333.

Overfull \hbox (45.52457pt too wide) in paragraph at lines 335--335
[]  []\OT1/cmtt/m/n/10 means[] []=[] []with[][](elec,[] []sapply[][]([][]list[]
[](A, B, C),[] []function[][]([][]x[][])[] []by[][](Y, x, mean)))[][] 
 []

[8]
Package color Info: Redefining color shadecolor on input line 424.
 [9]
Package color Info: Redefining color shadecolor on input line 449.

Overfull \hbox (26.76196pt too wide) in paragraph at lines 477--477
[] 
 []


Overfull \hbox (17.77782pt too wide) detected at line 477
[]
 []

[10]
Package color Info: Redefining color shadecolor on input line 516.

Overfull \hbox (26.76196pt too wide) in paragraph at lines 532--532
[] 
 []


Overfull \hbox (17.77782pt too wide) detected at line 532
[]
 []

Package color Info: Redefining color shadecolor on input line 537.

Overfull \hbox (14.02484pt too wide) in paragraph at lines 570--570
[]\OT1/cmtt/m/n/10 ## Signif. codes:  0 ^^M***^^M 0.001 ^^M**^^M 0.01 ^^M*^^M 0
.05 ^^M.^^M 0.1 ^^M ^^M 1[] 
 []


Overfull \hbox (14.02484pt too wide) in paragraph at lines 602--602
[]\OT1/cmtt/m/n/10 ## Signif. codes:  0 ^^M***^^M 0.001 ^^M**^^M 0.01 ^^M*^^M 0
.05 ^^M.^^M 0.1 ^^M ^^M 1[] 
 []

[11] [12]
Package color Info: Redefining color shadecolor on input line 637.
Package color Info: Redefining color shadecolor on input line 657.

Overfull \hbox (35.02466pt too wide) in paragraph at lines 661--661
[]  []\OT1/cmtt/m/n/10 s[] []=[] []sqrt[][](sse.full[][]/[][]([][]nrow[][](dat.
reg)[] []-[] []a[][]*[][]b[][]*[][]c)[] []/[] [](a[][]^[][]2[][]*[][]b[][]^[][]
2[][])[] []*[] []sum[][]([][]1[][]/[][]n.s))[][] 
 []


Overfull \hbox (9.27611pt too wide) in paragraph at lines 685--686
[]$\OML/cmm/m/it/10 S\OT1/cmr/m/n/10 ([]) = [] = [] = 7\OML/cmm/m/it/10 :\OT1/c
mr/m/n/10 885161$ 
 []

Package color Info: Redefining color shadecolor on input line 696.
[13]
LaTeX Font Info:    Try loading font information for OMS+cmr on input line 730.

 (/usr/local/texlive/2014/texmf-dist/tex/latex/base/omscmr.fd
File: omscmr.fd 1999/05/25 v2.5h Standard LaTeX font definitions
)
LaTeX Font Info:    Font shape `OMS/cmr/m/n' in size <10> not available
(Font)              Font shape `OMS/cmsy/m/n' tried instead on input line 730.


LaTeX Warning: `h' float specifier changed to `ht'.

[14] [15] (./hw1.aux) ) 
Here is how much of TeX's memory you used:
 2284 strings out of 493117
 31473 string characters out of 6135433
 105804 words of memory out of 5000000
 5713 multiletter control sequences out of 15000+600000
 9182 words of font info for 34 fonts, out of 8000000 for 9000
 1141 hyphenation exceptions out of 8191
 38i,16n,23p,328b,346s stack positions out of 5000i,500n,10000p,200000b,80000s
</usr/local/texlive/2014/texmf-dist/fonts/type1/public/a
msfonts/cm/cmbx12.pfb></usr/local/texlive/2014/texmf-dist/fonts/type1/public/am
sfonts/cm/cmex10.pfb></usr/local/texlive/2014/texmf-dist/fonts/type1/public/ams
fonts/cmextra/cmex7.pfb></usr/local/texlive/2014/texmf-dist/fonts/type1/public/
amsfonts/cm/cmmi10.pfb></usr/local/texlive/2014/texmf-dist/fonts/type1/public/a
msfonts/cm/cmmi5.pfb></usr/local/texlive/2014/texmf-dist/fonts/type1/public/ams
fonts/cm/cmmi7.pfb></usr/local/texlive/2014/texmf-dist/fonts/type1/public/amsfo
nts/cm/cmr10.pfb></usr/local/texlive/2014/texmf-dist/fonts/type1/public/amsfont
s/cm/cmr12.pfb></usr/local/texlive/2014/texmf-dist/fonts/type1/public/amsfonts/
cm/cmr5.pfb></usr/local/texlive/2014/texmf-dist/fonts/type1/public/amsfonts/cm/
cmr7.pfb></usr/local/texlive/2014/texmf-dist/fonts/type1/public/amsfonts/cm/cms
y10.pfb></usr/local/texlive/2014/texmf-dist/fonts/type1/public/amsfonts/cm/cmsy
5.pfb></usr/local/texlive/2014/texmf-dist/fonts/type1/public/amsfonts/cm/cmsy7.
pfb></usr/local/texlive/2014/texmf-dist/fonts/type1/public/amsfonts/cm/cmtt10.p
fb>
Output written on hw1.pdf (15 pages, 190297 bytes).
PDF statistics:
 127 PDF objects out of 1000 (max. 8388607)
 89 compressed objects within 1 object stream
 0 named destinations out of 1000 (max. 500000)
 16 words of extra memory for PDF output out of 10000 (max. 10000000)

