This is pdfTeX, Version 3.14159265-2.6-1.40.15 (TeX Live 2014) (preloaded format=pdflatex 2014.5.25)  9 MAR 2015 21:12
entering extended mode
 \write18 enabled.
 %&-line parsing enabled.
**hw8.tex
(./hw8.tex
LaTeX2e <2014/05/01>
Babel <3.9k> and hyphenation patterns for 78 languages loaded.
(/usr/local/texlive/2014/texmf-dist/tex/latex/base/article.cls
Document Class: article 2007/10/19 v1.4h Standard LaTeX document class
(/usr/local/texlive/2014/texmf-dist/tex/latex/base/size10.clo
File: size10.clo 2007/10/19 v1.4h Standard LaTeX file (size option)
)
\c@part=\count79
\c@section=\count80
\c@subsection=\count81
\c@subsubsection=\count82
\c@paragraph=\count83
\c@subparagraph=\count84
\c@figure=\count85
\c@table=\count86
\abovecaptionskip=\skip41
\belowcaptionskip=\skip42
\bibindent=\dimen102
)
(/usr/local/texlive/2014/texmf-dist/tex/latex/graphics/graphicx.sty
Package: graphicx 2014/04/25 v1.0g Enhanced LaTeX Graphics (DPC,SPQR)

(/usr/local/texlive/2014/texmf-dist/tex/latex/graphics/keyval.sty
Package: keyval 2014/05/08 v1.15 key=value parser (DPC)
\KV@toks@=\toks14
)
(/usr/local/texlive/2014/texmf-dist/tex/latex/graphics/graphics.sty
Package: graphics 2009/02/05 v1.0o Standard LaTeX Graphics (DPC,SPQR)

(/usr/local/texlive/2014/texmf-dist/tex/latex/graphics/trig.sty
Package: trig 1999/03/16 v1.09 sin cos tan (DPC)
)
(/usr/local/texlive/2014/texmf-dist/tex/latex/latexconfig/graphics.cfg
File: graphics.cfg 2010/04/23 v1.9 graphics configuration of TeX Live
)
Package graphics Info: Driver file: pdftex.def on input line 91.

(/usr/local/texlive/2014/texmf-dist/tex/latex/pdftex-def/pdftex.def
File: pdftex.def 2011/05/27 v0.06d Graphics/color for pdfTeX

(/usr/local/texlive/2014/texmf-dist/tex/generic/oberdiek/infwarerr.sty
Package: infwarerr 2010/04/08 v1.3 Providing info/warning/error messages (HO)
)
(/usr/local/texlive/2014/texmf-dist/tex/generic/oberdiek/ltxcmds.sty
Package: ltxcmds 2011/11/09 v1.22 LaTeX kernel commands for general use (HO)
)
\Gread@gobject=\count87
))
\Gin@req@height=\dimen103
\Gin@req@width=\dimen104
)
(/usr/local/texlive/2014/texmf-dist/tex/latex/graphics/color.sty
Package: color 2014/04/23 v1.1a Standard LaTeX Color (DPC)

(/usr/local/texlive/2014/texmf-dist/tex/latex/latexconfig/color.cfg
File: color.cfg 2007/01/18 v1.5 color configuration of teTeX/TeXLive
)
Package color Info: Driver file: pdftex.def on input line 137.
)
(/usr/local/texlive/2014/texmf-dist/tex/latex/framed/framed.sty
Package: framed 2011/10/22 v 0.96: framed or shaded text with page breaks
\OuterFrameSep=\skip43
\fb@frw=\dimen105
\fb@frh=\dimen106
\FrameRule=\dimen107
\FrameSep=\dimen108
)
(/usr/local/texlive/2014/texmf-dist/tex/latex/base/alltt.sty
Package: alltt 1997/06/16 v2.0g defines alltt environment
)
(/usr/local/texlive/2014/texmf-dist/tex/latex/tools/enumerate.sty
Package: enumerate 1999/03/05 v3.00 enumerate extensions (DPC)
\@enLab=\toks15
)
(/usr/local/texlive/2014/texmf-dist/tex/latex/amsmath/amsmath.sty
Package: amsmath 2013/01/14 v2.14 AMS math features
\@mathmargin=\skip44

For additional information on amsmath, use the `?' option.
(/usr/local/texlive/2014/texmf-dist/tex/latex/amsmath/amstext.sty
Package: amstext 2000/06/29 v2.01

(/usr/local/texlive/2014/texmf-dist/tex/latex/amsmath/amsgen.sty
File: amsgen.sty 1999/11/30 v2.0
\@emptytoks=\toks16
\ex@=\dimen109
))
(/usr/local/texlive/2014/texmf-dist/tex/latex/amsmath/amsbsy.sty
Package: amsbsy 1999/11/29 v1.2d
\pmbraise@=\dimen110
)
(/usr/local/texlive/2014/texmf-dist/tex/latex/amsmath/amsopn.sty
Package: amsopn 1999/12/14 v2.01 operator names
)
\inf@bad=\count88
LaTeX Info: Redefining \frac on input line 210.
\uproot@=\count89
\leftroot@=\count90
LaTeX Info: Redefining \overline on input line 306.
\classnum@=\count91
\DOTSCASE@=\count92
LaTeX Info: Redefining \ldots on input line 378.
LaTeX Info: Redefining \dots on input line 381.
LaTeX Info: Redefining \cdots on input line 466.
\Mathstrutbox@=\box26
\strutbox@=\box27
\big@size=\dimen111
LaTeX Font Info:    Redeclaring font encoding OML on input line 566.
LaTeX Font Info:    Redeclaring font encoding OMS on input line 567.
\macc@depth=\count93
\c@MaxMatrixCols=\count94
\dotsspace@=\muskip10
\c@parentequation=\count95
\dspbrk@lvl=\count96
\tag@help=\toks17
\row@=\count97
\column@=\count98
\maxfields@=\count99
\andhelp@=\toks18
\eqnshift@=\dimen112
\alignsep@=\dimen113
\tagshift@=\dimen114
\tagwidth@=\dimen115
\totwidth@=\dimen116
\lineht@=\dimen117
\@envbody=\toks19
\multlinegap=\skip45
\multlinetaggap=\skip46
\mathdisplay@stack=\toks20
LaTeX Info: Redefining \[ on input line 2665.
LaTeX Info: Redefining \] on input line 2666.
)
(/usr/local/texlive/2014/texmf-dist/tex/latex/upquote/upquote.sty
Package: upquote 2012/04/19 v1.3 upright-quote and grave-accent glyphs in verba
tim
) (./hw8.aux)
\openout1 = `hw8.aux'.

LaTeX Font Info:    Checking defaults for OML/cmm/m/it on input line 54.
LaTeX Font Info:    ... okay on input line 54.
LaTeX Font Info:    Checking defaults for T1/cmr/m/n on input line 54.
LaTeX Font Info:    ... okay on input line 54.
LaTeX Font Info:    Checking defaults for OT1/cmr/m/n on input line 54.
LaTeX Font Info:    ... okay on input line 54.
LaTeX Font Info:    Checking defaults for OMS/cmsy/m/n on input line 54.
LaTeX Font Info:    ... okay on input line 54.
LaTeX Font Info:    Checking defaults for OMX/cmex/m/n on input line 54.
LaTeX Font Info:    ... okay on input line 54.
LaTeX Font Info:    Checking defaults for U/cmr/m/n on input line 54.
LaTeX Font Info:    ... okay on input line 54.

(/usr/local/texlive/2014/texmf-dist/tex/context/base/supp-pdf.mkii
[Loading MPS to PDF converter (version 2006.09.02).]
\scratchcounter=\count100
\scratchdimen=\dimen118
\scratchbox=\box28
\nofMPsegments=\count101
\nofMParguments=\count102
\everyMPshowfont=\toks21
\MPscratchCnt=\count103
\MPscratchDim=\dimen119
\MPnumerator=\count104
\makeMPintoPDFobject=\count105
\everyMPtoPDFconversion=\toks22
) (/usr/local/texlive/2014/texmf-dist/tex/generic/oberdiek/pdftexcmds.sty
Package: pdftexcmds 2011/11/29 v0.20 Utility functions of pdfTeX for LuaTeX (HO
)

(/usr/local/texlive/2014/texmf-dist/tex/generic/oberdiek/ifluatex.sty
Package: ifluatex 2010/03/01 v1.3 Provides the ifluatex switch (HO)
Package ifluatex Info: LuaTeX not detected.
)
(/usr/local/texlive/2014/texmf-dist/tex/generic/oberdiek/ifpdf.sty
Package: ifpdf 2011/01/30 v2.3 Provides the ifpdf switch (HO)
Package ifpdf Info: pdfTeX in PDF mode is detected.
)
Package pdftexcmds Info: LuaTeX not detected.
Package pdftexcmds Info: \pdf@primitive is available.
Package pdftexcmds Info: \pdf@ifprimitive is available.
Package pdftexcmds Info: \pdfdraftmode found.
)
(/usr/local/texlive/2014/texmf-dist/tex/latex/oberdiek/epstopdf-base.sty
Package: epstopdf-base 2010/02/09 v2.5 Base part for package epstopdf

(/usr/local/texlive/2014/texmf-dist/tex/latex/oberdiek/grfext.sty
Package: grfext 2010/08/19 v1.1 Manage graphics extensions (HO)

(/usr/local/texlive/2014/texmf-dist/tex/generic/oberdiek/kvdefinekeys.sty
Package: kvdefinekeys 2011/04/07 v1.3 Define keys (HO)
))
(/usr/local/texlive/2014/texmf-dist/tex/latex/oberdiek/kvoptions.sty
Package: kvoptions 2011/06/30 v3.11 Key value format for package options (HO)

(/usr/local/texlive/2014/texmf-dist/tex/generic/oberdiek/kvsetkeys.sty
Package: kvsetkeys 2012/04/25 v1.16 Key value parser (HO)

(/usr/local/texlive/2014/texmf-dist/tex/generic/oberdiek/etexcmds.sty
Package: etexcmds 2011/02/16 v1.5 Avoid name clashes with e-TeX commands (HO)
Package etexcmds Info: Could not find \expanded.
(etexcmds)             That can mean that you are not using pdfTeX 1.50 or
(etexcmds)             that some package has redefined \expanded.
(etexcmds)             In the latter case, load this package earlier.
)))
Package grfext Info: Graphics extension search list:
(grfext)             [.png,.pdf,.jpg,.mps,.jpeg,.jbig2,.jb2,.PNG,.PDF,.JPG,.JPE
G,.JBIG2,.JB2,.eps]
(grfext)             \AppendGraphicsExtensions on input line 452.

(/usr/local/texlive/2014/texmf-dist/tex/latex/latexconfig/epstopdf-sys.cfg
File: epstopdf-sys.cfg 2010/07/13 v1.3 Configuration of (r)epstopdf for TeX Liv
e
))
[1

{/usr/local/texlive/2014/texmf-var/fonts/map/pdftex/updmap/pdftex.map}]
[2]
Package color Info: Redefining color shadecolor on input line 72.
LaTeX Font Info:    Font shape `OT1/cmtt/bx/n' in size <10> not available
(Font)              Font shape `OT1/cmtt/m/n' tried instead on input line 74.
LaTeX Font Info:    Try loading font information for OMS+cmtt on input line 82.

 (/Library/Frameworks/R.framework/Resources/share/texmf/tex/latex/omscmtt.fd
File: omscmtt.fd 
)
LaTeX Font Info:    Font shape `OMS/cmtt/m/n' in size <10> not available
(Font)              Font shape `OMS/cmsy/m/n' tried instead on input line 82.

Overfull \hbox (77.02429pt too wide) in paragraph at lines 99--99
[]\OT1/cmtt/m/n/10 ##             1          2          3         4         5  
      6         7[] 
 []


Overfull \hbox (77.02429pt too wide) in paragraph at lines 99--99
[]\OT1/cmtt/m/n/10 ## Oj1  0.000000  1.0000000  0.0000000  2.000000  1.000000  
8.00000  2.000000[] 
 []


Overfull \hbox (77.02429pt too wide) in paragraph at lines 99--99
[]\OT1/cmtt/m/n/10 ## Ej1  0.187472  0.5159059  0.9878718  1.512501  2.412695  
3.44151  4.680125[] 
 []


Overfull \hbox (77.02429pt too wide) in paragraph at lines 99--99
[]\OT1/cmtt/m/n/10 ## Oj0 19.000000 19.0000000 20.0000000 18.000000 19.000000 1
2.00000 18.000000[] 
 []


Overfull \hbox (77.02429pt too wide) in paragraph at lines 99--99
[]\OT1/cmtt/m/n/10 ## Ej0 18.812528 19.4840941 19.0121282 18.487499 17.587305 1
6.55849 15.319875[] 
 []

<figure/unnamed-chunk-1-1.pdf, id=12, 505.89pt x 505.89pt>
File: figure/unnamed-chunk-1-1.pdf Graphic file (type pdf)

<use figure/unnamed-chunk-1-1.pdf>
Package pdftex.def Info: figure/unnamed-chunk-1-1.pdf used on input line 106.
(pdftex.def)             Requested size: 327.22218pt x 327.2267pt.
 [3]
Package color Info: Redefining color shadecolor on input line 115.

Overfull \hbox (50.77452pt too wide) in paragraph at lines 117--117
[]  []\OT1/cmtt/m/n/10 X.squ[] []=[] []sum[][](([][]rbind[][](Oj1, Oj0)[][]-[][
]rbind[][](Ej1, Ej0))[][]^[][]2[][]/[][]rbind[][](Ej1, Ej0));X.squ[][] 
 []

Package color Info: Redefining color shadecolor on input line 140.

Overfull \hbox (61.27443pt too wide) in paragraph at lines 200--200
[]\OT1/cmtt/m/n/10 ##           1           2           3           4          
 5           6[] 
 []


Overfull \hbox (61.27443pt too wide) in paragraph at lines 200--200
[]\OT1/cmtt/m/n/10 ## -0.54602312 -0.51373259  1.15260237 -0.17517944 -0.189244
67 -0.69185916[] 
 []


Overfull \hbox (61.27443pt too wide) in paragraph at lines 200--200
[]\OT1/cmtt/m/n/10 ##           7           8           9          10          
11          12[] 
 []


Overfull \hbox (61.27443pt too wide) in paragraph at lines 200--200
[]\OT1/cmtt/m/n/10 ## -0.18367445 -0.73777334 -0.47288089 -0.35855218 -0.627858
82 -0.33244658[] 
 []


Overfull \hbox (61.27443pt too wide) in paragraph at lines 200--200
[]\OT1/cmtt/m/n/10 ##          13          14          15          16          
17          18[] 
 []


Overfull \hbox (61.27443pt too wide) in paragraph at lines 200--200
[]\OT1/cmtt/m/n/10 ## -0.49058859 -0.23345211 -0.11467682 -0.59485941 -0.850588
62 -0.16214474[] 
 []


Overfull \hbox (61.27443pt too wide) in paragraph at lines 200--200
[]\OT1/cmtt/m/n/10 ##          19          20          21          22          
23          24[] 
 []


Overfull \hbox (61.27443pt too wide) in paragraph at lines 200--200
[]\OT1/cmtt/m/n/10 ## -0.22270681 -0.13939895 -0.34822874 -0.28168748 -0.244701
12 -0.09084127[] 
 []


Overfull \hbox (61.27443pt too wide) in paragraph at lines 200--200
[]\OT1/cmtt/m/n/10 ##          25          26          27          28          
29          30[] 
 []


Overfull \hbox (61.27443pt too wide) in paragraph at lines 200--200
[]\OT1/cmtt/m/n/10 ## -0.50595282 -0.10798927 -0.69416101 -0.26781191 -0.834514
88 -0.68109529[] 
 []


Overfull \hbox (61.27443pt too wide) in paragraph at lines 200--200
[]\OT1/cmtt/m/n/10 ##          31          32          33          34          
35          36[] 
 []


Overfull \hbox (61.27443pt too wide) in paragraph at lines 200--200
[]\OT1/cmtt/m/n/10 ## -0.32519247 -0.45851859 -0.92893094 -0.53211206 -0.338977
82 -0.16073331[] 
 []


Overfull \hbox (61.27443pt too wide) in paragraph at lines 200--200
[]\OT1/cmtt/m/n/10 ##          37          38          39          40          
41          42[] 
 []


Overfull \hbox (61.27443pt too wide) in paragraph at lines 200--200
[]\OT1/cmtt/m/n/10 ##  0.74365705  1.38971984 -0.61999873 -0.41310085  1.890793
47 -0.35679774[] 
 []


Overfull \hbox (61.27443pt too wide) in paragraph at lines 200--200
[]\OT1/cmtt/m/n/10 ##          43          44          45          46          
47          48[] 
 []


Overfull \hbox (61.27443pt too wide) in paragraph at lines 200--200
[]\OT1/cmtt/m/n/10 ##  1.71627562 -0.33244658 -0.72647043 -0.32961191  2.843049
38 -0.69729005[] 
 []


Overfull \hbox (61.27443pt too wide) in paragraph at lines 200--200
[]\OT1/cmtt/m/n/10 ##          49          50          51          52          
53          54[] 
 []


Overfull \hbox (61.27443pt too wide) in paragraph at lines 200--200
[]\OT1/cmtt/m/n/10 ## -0.10990097 -0.18854516 -0.33530428 -0.21617318 -0.721710
75 -0.59079687[] 
 []


Overfull \hbox (61.27443pt too wide) in paragraph at lines 200--200
[]\OT1/cmtt/m/n/10 ##          55          56          57          58          
59          60[] 
 []


Overfull \hbox (61.27443pt too wide) in paragraph at lines 200--200
[]\OT1/cmtt/m/n/10 ##  2.23462510 -0.24806553 -0.42012390 -0.28029236 -1.301669
64  2.00689554[] 
 []


Overfull \hbox (61.27443pt too wide) in paragraph at lines 200--200
[]\OT1/cmtt/m/n/10 ##          61          62          63          64          
65          66[] 
 []


Overfull \hbox (61.27443pt too wide) in paragraph at lines 200--200
[]\OT1/cmtt/m/n/10 ##  1.10849910 -0.15933400 -0.68109529 -0.32124458 -0.103876
71 -1.01249619[] 
 []


Overfull \hbox (61.27443pt too wide) in paragraph at lines 200--200
[]\OT1/cmtt/m/n/10 ##          67          68          69          70          
71          72[] 
 []


Overfull \hbox (61.27443pt too wide) in paragraph at lines 200--200
[]\OT1/cmtt/m/n/10 ## -0.12087236 -0.36424502 -0.62497861  1.86302691 -0.239609
63 -0.48311783[] 
 []


Overfull \hbox (61.27443pt too wide) in paragraph at lines 200--200
[]\OT1/cmtt/m/n/10 ##          73          74          75          76          
77          78[] 
 []


Overfull \hbox (61.27443pt too wide) in paragraph at lines 200--200
[]\OT1/cmtt/m/n/10 ## -0.38006335  1.82187884 -1.44789883 -0.84697959 -0.837150
68 -0.35248880[] 
 []


Overfull \hbox (61.27443pt too wide) in paragraph at lines 200--200
[]\OT1/cmtt/m/n/10 ##          79          80          81          82          
83          84[] 
 []


Overfull \hbox (61.27443pt too wide) in paragraph at lines 200--200
[]\OT1/cmtt/m/n/10 ## -0.58403320 -0.45631940 -0.35855218  1.94481807 -0.729709
10 -0.53462959[] 
 []


Overfull \hbox (61.27443pt too wide) in paragraph at lines 200--200
[]\OT1/cmtt/m/n/10 ##          85          86          87          88          
89          90[] 
 []


Overfull \hbox (61.27443pt too wide) in paragraph at lines 200--200
[]\OT1/cmtt/m/n/10 ## -0.36293048 -1.15124676 -0.62286031 -0.65995923  2.346479
93 -0.81345988[] 
 []


Overfull \hbox (61.27443pt too wide) in paragraph at lines 200--200
[]\OT1/cmtt/m/n/10 ##          91          92          93          94          
95          96[] 
 []


Overfull \hbox (61.27443pt too wide) in paragraph at lines 200--200
[]\OT1/cmtt/m/n/10 ##  1.12311780 -0.17737218  1.27437628 -0.55762351 -0.497033
64 -0.30029670[] 
 []


Overfull \hbox (61.27443pt too wide) in paragraph at lines 200--200
[]\OT1/cmtt/m/n/10 ##          97          98          99         100         1
01         102[] 
 []


Overfull \hbox (61.27443pt too wide) in paragraph at lines 200--200
[]\OT1/cmtt/m/n/10 ## -1.06493877 -0.71059309  0.95982139 -0.33201751 -0.678022
59  1.90510957[] 
 []


Overfull \hbox (61.27443pt too wide) in paragraph at lines 200--200
[]\OT1/cmtt/m/n/10 ##         103         104         105         106         1
07         108[] 
 []


Overfull \hbox (61.27443pt too wide) in paragraph at lines 200--200
[]\OT1/cmtt/m/n/10 ## -0.45631940 -0.42162878 -0.12900059 -0.17648324 -0.192574
15 -0.14876060[] 
 []


Overfull \hbox (61.27443pt too wide) in paragraph at lines 200--200
[]\OT1/cmtt/m/n/10 ##         109         110         111         112         1
13         114[] 
 []


Overfull \hbox (61.27443pt too wide) in paragraph at lines 200--200
[]\OT1/cmtt/m/n/10 ##  1.82969794 -0.32283373 -0.53091804 -0.13409993 -0.610135
97 -0.72086770[] 
 []


Overfull \hbox (61.27443pt too wide) in paragraph at lines 200--200
[]\OT1/cmtt/m/n/10 ##         115         116         117         118         1
19         120[] 
 []


Overfull \hbox (61.27443pt too wide) in paragraph at lines 200--200
[]\OT1/cmtt/m/n/10 ## -0.50887859 -0.61087534 -0.16356841 -0.16073331 -0.126759
15 -0.49293406[] 
 []


Overfull \hbox (61.27443pt too wide) in paragraph at lines 200--200
[]\OT1/cmtt/m/n/10 ##         121         122         123         124         1
25         126[] 
 []


Overfull \hbox (61.27443pt too wide) in paragraph at lines 200--200
[]\OT1/cmtt/m/n/10 ## -0.14931436 -0.21351074  1.84295971 -0.40421564  1.408758
49 -0.30814469[] 
 []


Overfull \hbox (61.27443pt too wide) in paragraph at lines 200--200
[]\OT1/cmtt/m/n/10 ##         127         128         129         130         1
31         132[] 
 []


Overfull \hbox (61.27443pt too wide) in paragraph at lines 200--200
[]\OT1/cmtt/m/n/10 ## -0.40618549 -0.49528940 -0.51130056 -0.73777334 -0.284127
89 -0.58877426[] 
 []


Overfull \hbox (61.27443pt too wide) in paragraph at lines 200--200
[]\OT1/cmtt/m/n/10 ##         133         134         135         136         1
37         138[] 
 []


Overfull \hbox (61.27443pt too wide) in paragraph at lines 200--200
[]\OT1/cmtt/m/n/10 ## -0.49703364 -1.22831729 -0.31850052  1.89079347 -0.294093
88 -0.69416101[] 
 []


Overfull \hbox (61.27443pt too wide) in paragraph at lines 200--200
[]\OT1/cmtt/m/n/10 ##         139         140         141         142         1
43         144[] 
 []


Overfull \hbox (61.27443pt too wide) in paragraph at lines 200--200
[]\OT1/cmtt/m/n/10 ## -0.20982689 -0.48482421 -0.61925036 -0.28658859 -0.391763
66 -0.48311783[] 
 []


Overfull \hbox (61.27443pt too wide) in paragraph at lines 200--200
[]\OT1/cmtt/m/n/10 ##         145         146         147         148         1
49         150[] 
 []


Overfull \hbox (61.27443pt too wide) in paragraph at lines 200--200
[]\OT1/cmtt/m/n/10 ## -1.11866815 -0.31307905 -0.35422338 -0.28065744 -0.729709
10 -0.20982689[] 
 []


Overfull \hbox (61.27443pt too wide) in paragraph at lines 200--200
[]\OT1/cmtt/m/n/10 ##         151         152         153         154         1
55         156[] 
 []


Overfull \hbox (61.27443pt too wide) in paragraph at lines 200--200
[]\OT1/cmtt/m/n/10 ## -0.41110024 -0.42725579 -0.28554134 -0.38936035 -0.292639
87 -0.25647527[] 
 []

[4 <./figure/unnamed-chunk-1-1.pdf>] [5]
<figure/unnamed-chunk-3-1.pdf, id=36, 505.89pt x 505.89pt>
File: figure/unnamed-chunk-3-1.pdf Graphic file (type pdf)

<use figure/unnamed-chunk-3-1.pdf>
Package pdftex.def Info: figure/unnamed-chunk-3-1.pdf used on input line 206.
(pdftex.def)             Requested size: 327.22218pt x 327.2267pt.
Package color Info: Redefining color shadecolor on input line 221.
 [6 <./figure/unnamed-chunk-3-1.pdf>]
Overfull \hbox (14.02484pt too wide) in paragraph at lines 254--254
[]\OT1/cmtt/m/n/10 ## Signif. codes:  0 ^^M***^^M 0.001 ^^M**^^M 0.01 ^^M*^^M 0
.05 ^^M.^^M 0.1 ^^M ^^M 1[] 
 []


Overfull \hbox (66.5953pt too wide) in paragraph at lines 267--267
[] 
 []


Overfull \hbox (17.77782pt too wide) detected at line 267
[]
 []

Package color Info: Redefining color shadecolor on input line 272.

Overfull \hbox (24.52475pt too wide) in paragraph at lines 318--318
[]\OT1/cmtt/m/n/10 ##            1            2            3            4      
      5[] 
 []


Overfull \hbox (24.52475pt too wide) in paragraph at lines 318--318
[]\OT1/cmtt/m/n/10 ## -0.481563003 -0.632820229  0.485684782 -1.819828480  0.23
8302497[] 
 []


Overfull \hbox (24.52475pt too wide) in paragraph at lines 318--318
[]\OT1/cmtt/m/n/10 ##            6            7            8            9      
     10[] 
 []


Overfull \hbox (24.52475pt too wide) in paragraph at lines 318--318
[]\OT1/cmtt/m/n/10 ## -0.427206484 -1.574566470 -1.694831446 -0.190494237  0.37
2414202[] 
 []


Overfull \hbox (24.52475pt too wide) in paragraph at lines 318--318
[]\OT1/cmtt/m/n/10 ##           11           12           13           14      
     15[] 
 []


Overfull \hbox (24.52475pt too wide) in paragraph at lines 318--318
[]\OT1/cmtt/m/n/10 ##  0.290568448  0.917894609  0.618945304  0.710218879 -0.16
9117683[] 
 []


Overfull \hbox (24.52475pt too wide) in paragraph at lines 318--318
[]\OT1/cmtt/m/n/10 ##           16           17           18           19      
     20[] 
 []


Overfull \hbox (24.52475pt too wide) in paragraph at lines 318--318
[]\OT1/cmtt/m/n/10 ##  0.774212615  1.313966589  0.976533023 -0.284161510  0.28
1078819[] 
 []


Overfull \hbox (24.52475pt too wide) in paragraph at lines 318--318
[]\OT1/cmtt/m/n/10 ##           21           22           23           24      
     25[] 
 []


Overfull \hbox (24.52475pt too wide) in paragraph at lines 318--318
[]\OT1/cmtt/m/n/10 ##  0.671826155 -0.309823439 -0.585274974 -1.659501048 -1.65
3549229[] 
 []


Overfull \hbox (24.52475pt too wide) in paragraph at lines 318--318
[]\OT1/cmtt/m/n/10 ##           26           27           28           29      
     30[] 
 []


Overfull \hbox (24.52475pt too wide) in paragraph at lines 318--318
[]\OT1/cmtt/m/n/10 ##  0.545695411 -2.089197070 -1.825162331  0.283158353  1.06
6089357[] 
 []


Overfull \hbox (24.52475pt too wide) in paragraph at lines 318--318
[]\OT1/cmtt/m/n/10 ##           31           32           33           34      
     35[] 
 []


Overfull \hbox (24.52475pt too wide) in paragraph at lines 318--318
[]\OT1/cmtt/m/n/10 ##  0.338495236 -0.414912576 -0.276062096  2.097482057 -0.37
3770021[] 
 []


Overfull \hbox (24.52475pt too wide) in paragraph at lines 318--318
[]\OT1/cmtt/m/n/10 ##           36           37           38           39      
     40[] 
 []


Overfull \hbox (24.52475pt too wide) in paragraph at lines 318--318
[]\OT1/cmtt/m/n/10 ## -2.185378873  2.217373787 -0.269196968 -1.468917177 -0.49
0568471[] 
 []


Overfull \hbox (24.52475pt too wide) in paragraph at lines 318--318
[]\OT1/cmtt/m/n/10 ##           41           42           43           44      
     45[] 
 []


Overfull \hbox (24.52475pt too wide) in paragraph at lines 318--318
[]\OT1/cmtt/m/n/10 ## -0.243689445  2.287659410 -0.435460637 -0.171363655 -1.59
6370920[] 
 []


Overfull \hbox (24.52475pt too wide) in paragraph at lines 318--318
[]\OT1/cmtt/m/n/10 ##           46           47           48           49      
     50[] 
 []


Overfull \hbox (24.52475pt too wide) in paragraph at lines 318--318
[]\OT1/cmtt/m/n/10 ##  0.178588604 -1.840819930  1.313615961 -0.233624875 -1.57
6829772[] 
 []


Overfull \hbox (24.52475pt too wide) in paragraph at lines 318--318
[]\OT1/cmtt/m/n/10 ##           51           52           53           54      
     55[] 
 []


Overfull \hbox (24.52475pt too wide) in paragraph at lines 318--318
[]\OT1/cmtt/m/n/10 ## -0.652282150  2.177759158 -0.862317963 -1.223172388 -0.16
1565009[] 
 []


Overfull \hbox (24.52475pt too wide) in paragraph at lines 318--318
[]\OT1/cmtt/m/n/10 ##           56           57           58           59      
     60[] 
 []


Overfull \hbox (24.52475pt too wide) in paragraph at lines 318--318
[]\OT1/cmtt/m/n/10 ## -0.438457085 -0.817656201  0.002451800 -0.690070466 -0.93
2653968[] 
 []


Overfull \hbox (24.52475pt too wide) in paragraph at lines 318--318
[]\OT1/cmtt/m/n/10 ##           61           62           63           64      
     65[] 
 []


Overfull \hbox (24.52475pt too wide) in paragraph at lines 318--318
[]\OT1/cmtt/m/n/10 ## -0.532725622  0.400431092  1.326821516  0.569505372  0.58
9162479[] 
 []


Overfull \hbox (24.52475pt too wide) in paragraph at lines 318--318
[]\OT1/cmtt/m/n/10 ##           66           67           68           69      
     70[] 
 []


Overfull \hbox (24.52475pt too wide) in paragraph at lines 318--318
[]\OT1/cmtt/m/n/10 ##  0.222202292  1.991163395  0.134986579  1.163783804  0.89
0153115[] 
 []


Overfull \hbox (24.52475pt too wide) in paragraph at lines 318--318
[]\OT1/cmtt/m/n/10 ##           71           72           73           74      
     75[] 
 []


Overfull \hbox (24.52475pt too wide) in paragraph at lines 318--318
[]\OT1/cmtt/m/n/10 ## -0.398888037 -0.335860573 -0.843868576  1.065308951 -0.06
8529260[] 
 []


Overfull \hbox (24.52475pt too wide) in paragraph at lines 318--318
[]\OT1/cmtt/m/n/10 ##           76           77           78           79      
     80[] 
 []


Overfull \hbox (24.52475pt too wide) in paragraph at lines 318--318
[]\OT1/cmtt/m/n/10 ## -1.210403791  0.928316209 -0.803424449 -0.050707876 -0.81
7762385[] 
 []


Overfull \hbox (24.52475pt too wide) in paragraph at lines 318--318
[]\OT1/cmtt/m/n/10 ##           81           82           83           84      
     85[] 
 []


Overfull \hbox (24.52475pt too wide) in paragraph at lines 318--318
[]\OT1/cmtt/m/n/10 ##  0.544674549 -1.761754891 -0.562223893 -0.541853422  0.14
7418906[] 
 []


Overfull \hbox (24.52475pt too wide) in paragraph at lines 318--318
[]\OT1/cmtt/m/n/10 ##           86           87           88           89      
     90[] 
 []


Overfull \hbox (24.52475pt too wide) in paragraph at lines 318--318
[]\OT1/cmtt/m/n/10 ## -0.009840529 -0.337422359 -0.774688780 -1.383658148 -0.65
4757856[] 
 []


Overfull \hbox (24.52475pt too wide) in paragraph at lines 318--318
[]\OT1/cmtt/m/n/10 ##           91           92           93           94      
     95[] 
 []


Overfull \hbox (24.52475pt too wide) in paragraph at lines 318--318
[]\OT1/cmtt/m/n/10 ## -1.475851025 -0.722343228  2.362545161  1.391144309  1.26
2066676[] 
 []


Overfull \hbox (24.52475pt too wide) in paragraph at lines 318--318
[]\OT1/cmtt/m/n/10 ##           96           97           98           99      
    100[] 
 []


Overfull \hbox (24.52475pt too wide) in paragraph at lines 318--318
[]\OT1/cmtt/m/n/10 ##  0.117099736 -0.827717570 -0.345172951  0.048822205 -0.98
8857456[] 
 []

[7] <figure/unnamed-chunk-5-1.pdf, id=49, 505.89pt x 505.89pt>
File: figure/unnamed-chunk-5-1.pdf Graphic file (type pdf)

<use figure/unnamed-chunk-5-1.pdf>
Package pdftex.def Info: figure/unnamed-chunk-5-1.pdf used on input line 323.
(pdftex.def)             Requested size: 327.22218pt x 327.2267pt.
 [8]
Package color Info: Redefining color shadecolor on input line 332.
 [9 <./figure/unnamed-chunk-5-1.pdf>]
Package color Info: Redefining color shadecolor on input line 386.

Overfull \hbox (14.02484pt too wide) in paragraph at lines 415--415
[]\OT1/cmtt/m/n/10 ## Signif. codes:  0 ^^M***^^M 0.001 ^^M**^^M 0.01 ^^M*^^M 0
.05 ^^M.^^M 0.1 ^^M ^^M 1[] 
 []

[10]
Overfull \hbox (10.94492pt too wide) in paragraph at lines 446--446
[] 
 []

[11] (./hw8.aux) ) 
Here is how much of TeX's memory you used:
 2286 strings out of 493117
 31600 string characters out of 6135433
 111804 words of memory out of 5000000
 5714 multiletter control sequences out of 15000+600000
 9182 words of font info for 34 fonts, out of 8000000 for 9000
 1141 hyphenation exceptions out of 8191
 38i,17n,23p,355b,378s stack positions out of 5000i,500n,10000p,200000b,80000s
</usr/local/texlive/2014/texmf-dist/fonts/type1/public/amsfon
ts/cm/cmbx12.pfb></usr/local/texlive/2014/texmf-dist/fonts/type1/public/amsfont
s/cm/cmex10.pfb></usr/local/texlive/2014/texmf-dist/fonts/type1/public/amsfonts
/cm/cmmi10.pfb></usr/local/texlive/2014/texmf-dist/fonts/type1/public/amsfonts/
cm/cmmi5.pfb></usr/local/texlive/2014/texmf-dist/fonts/type1/public/amsfonts/cm
/cmmi7.pfb></usr/local/texlive/2014/texmf-dist/fonts/type1/public/amsfonts/cm/c
mr10.pfb></usr/local/texlive/2014/texmf-dist/fonts/type1/public/amsfonts/cm/cmr
12.pfb></usr/local/texlive/2014/texmf-dist/fonts/type1/public/amsfonts/cm/cmr5.
pfb></usr/local/texlive/2014/texmf-dist/fonts/type1/public/amsfonts/cm/cmr7.pfb
></usr/local/texlive/2014/texmf-dist/fonts/type1/public/amsfonts/cm/cmsy10.pfb>
</usr/local/texlive/2014/texmf-dist/fonts/type1/public/amsfonts/cm/cmsy5.pfb></
usr/local/texlive/2014/texmf-dist/fonts/type1/public/amsfonts/cm/cmsy7.pfb></us
r/local/texlive/2014/texmf-dist/fonts/type1/public/amsfonts/cm/cmtt10.pfb>
Output written on hw8.pdf (11 pages, 174807 bytes).
PDF statistics:
 110 PDF objects out of 1000 (max. 8388607)
 77 compressed objects within 1 object stream
 0 named destinations out of 1000 (max. 500000)
 16 words of extra memory for PDF output out of 10000 (max. 10000000)

