This is pdfTeX, Version 3.14159265-2.6-1.40.15 (TeX Live 2014) (preloaded format=pdflatex 2014.5.25)  4 MAR 2015 10:59
entering extended mode
 \write18 enabled.
 %&-line parsing enabled.
**hw7.tex
(./hw7.tex
LaTeX2e <2014/05/01>
Babel <3.9k> and hyphenation patterns for 78 languages loaded.
(/usr/local/texlive/2014/texmf-dist/tex/latex/base/article.cls
Document Class: article 2007/10/19 v1.4h Standard LaTeX document class
(/usr/local/texlive/2014/texmf-dist/tex/latex/base/size10.clo
File: size10.clo 2007/10/19 v1.4h Standard LaTeX file (size option)
)
\c@part=\count79
\c@section=\count80
\c@subsection=\count81
\c@subsubsection=\count82
\c@paragraph=\count83
\c@subparagraph=\count84
\c@figure=\count85
\c@table=\count86
\abovecaptionskip=\skip41
\belowcaptionskip=\skip42
\bibindent=\dimen102
)
(/usr/local/texlive/2014/texmf-dist/tex/latex/graphics/graphicx.sty
Package: graphicx 2014/04/25 v1.0g Enhanced LaTeX Graphics (DPC,SPQR)

(/usr/local/texlive/2014/texmf-dist/tex/latex/graphics/keyval.sty
Package: keyval 2014/05/08 v1.15 key=value parser (DPC)
\KV@toks@=\toks14
)
(/usr/local/texlive/2014/texmf-dist/tex/latex/graphics/graphics.sty
Package: graphics 2009/02/05 v1.0o Standard LaTeX Graphics (DPC,SPQR)

(/usr/local/texlive/2014/texmf-dist/tex/latex/graphics/trig.sty
Package: trig 1999/03/16 v1.09 sin cos tan (DPC)
)
(/usr/local/texlive/2014/texmf-dist/tex/latex/latexconfig/graphics.cfg
File: graphics.cfg 2010/04/23 v1.9 graphics configuration of TeX Live
)
Package graphics Info: Driver file: pdftex.def on input line 91.

(/usr/local/texlive/2014/texmf-dist/tex/latex/pdftex-def/pdftex.def
File: pdftex.def 2011/05/27 v0.06d Graphics/color for pdfTeX

(/usr/local/texlive/2014/texmf-dist/tex/generic/oberdiek/infwarerr.sty
Package: infwarerr 2010/04/08 v1.3 Providing info/warning/error messages (HO)
)
(/usr/local/texlive/2014/texmf-dist/tex/generic/oberdiek/ltxcmds.sty
Package: ltxcmds 2011/11/09 v1.22 LaTeX kernel commands for general use (HO)
)
\Gread@gobject=\count87
))
\Gin@req@height=\dimen103
\Gin@req@width=\dimen104
)
(/usr/local/texlive/2014/texmf-dist/tex/latex/graphics/color.sty
Package: color 2014/04/23 v1.1a Standard LaTeX Color (DPC)

(/usr/local/texlive/2014/texmf-dist/tex/latex/latexconfig/color.cfg
File: color.cfg 2007/01/18 v1.5 color configuration of teTeX/TeXLive
)
Package color Info: Driver file: pdftex.def on input line 137.
)
(/usr/local/texlive/2014/texmf-dist/tex/latex/framed/framed.sty
Package: framed 2011/10/22 v 0.96: framed or shaded text with page breaks
\OuterFrameSep=\skip43
\fb@frw=\dimen105
\fb@frh=\dimen106
\FrameRule=\dimen107
\FrameSep=\dimen108
)
(/usr/local/texlive/2014/texmf-dist/tex/latex/base/alltt.sty
Package: alltt 1997/06/16 v2.0g defines alltt environment
)
(/usr/local/texlive/2014/texmf-dist/tex/latex/tools/enumerate.sty
Package: enumerate 1999/03/05 v3.00 enumerate extensions (DPC)
\@enLab=\toks15
)
(/usr/local/texlive/2014/texmf-dist/tex/latex/amsmath/amsmath.sty
Package: amsmath 2013/01/14 v2.14 AMS math features
\@mathmargin=\skip44

For additional information on amsmath, use the `?' option.
(/usr/local/texlive/2014/texmf-dist/tex/latex/amsmath/amstext.sty
Package: amstext 2000/06/29 v2.01

(/usr/local/texlive/2014/texmf-dist/tex/latex/amsmath/amsgen.sty
File: amsgen.sty 1999/11/30 v2.0
\@emptytoks=\toks16
\ex@=\dimen109
))
(/usr/local/texlive/2014/texmf-dist/tex/latex/amsmath/amsbsy.sty
Package: amsbsy 1999/11/29 v1.2d
\pmbraise@=\dimen110
)
(/usr/local/texlive/2014/texmf-dist/tex/latex/amsmath/amsopn.sty
Package: amsopn 1999/12/14 v2.01 operator names
)
\inf@bad=\count88
LaTeX Info: Redefining \frac on input line 210.
\uproot@=\count89
\leftroot@=\count90
LaTeX Info: Redefining \overline on input line 306.
\classnum@=\count91
\DOTSCASE@=\count92
LaTeX Info: Redefining \ldots on input line 378.
LaTeX Info: Redefining \dots on input line 381.
LaTeX Info: Redefining \cdots on input line 466.
\Mathstrutbox@=\box26
\strutbox@=\box27
\big@size=\dimen111
LaTeX Font Info:    Redeclaring font encoding OML on input line 566.
LaTeX Font Info:    Redeclaring font encoding OMS on input line 567.
\macc@depth=\count93
\c@MaxMatrixCols=\count94
\dotsspace@=\muskip10
\c@parentequation=\count95
\dspbrk@lvl=\count96
\tag@help=\toks17
\row@=\count97
\column@=\count98
\maxfields@=\count99
\andhelp@=\toks18
\eqnshift@=\dimen112
\alignsep@=\dimen113
\tagshift@=\dimen114
\tagwidth@=\dimen115
\totwidth@=\dimen116
\lineht@=\dimen117
\@envbody=\toks19
\multlinegap=\skip45
\multlinetaggap=\skip46
\mathdisplay@stack=\toks20
LaTeX Info: Redefining \[ on input line 2665.
LaTeX Info: Redefining \] on input line 2666.
)
(/usr/local/texlive/2014/texmf-dist/tex/latex/upquote/upquote.sty
Package: upquote 2012/04/19 v1.3 upright-quote and grave-accent glyphs in verba
tim
) (./hw7.aux)
\openout1 = `hw7.aux'.

LaTeX Font Info:    Checking defaults for OML/cmm/m/it on input line 54.
LaTeX Font Info:    ... okay on input line 54.
LaTeX Font Info:    Checking defaults for T1/cmr/m/n on input line 54.
LaTeX Font Info:    ... okay on input line 54.
LaTeX Font Info:    Checking defaults for OT1/cmr/m/n on input line 54.
LaTeX Font Info:    ... okay on input line 54.
LaTeX Font Info:    Checking defaults for OMS/cmsy/m/n on input line 54.
LaTeX Font Info:    ... okay on input line 54.
LaTeX Font Info:    Checking defaults for OMX/cmex/m/n on input line 54.
LaTeX Font Info:    ... okay on input line 54.
LaTeX Font Info:    Checking defaults for U/cmr/m/n on input line 54.
LaTeX Font Info:    ... okay on input line 54.

(/usr/local/texlive/2014/texmf-dist/tex/context/base/supp-pdf.mkii
[Loading MPS to PDF converter (version 2006.09.02).]
\scratchcounter=\count100
\scratchdimen=\dimen118
\scratchbox=\box28
\nofMPsegments=\count101
\nofMParguments=\count102
\everyMPshowfont=\toks21
\MPscratchCnt=\count103
\MPscratchDim=\dimen119
\MPnumerator=\count104
\makeMPintoPDFobject=\count105
\everyMPtoPDFconversion=\toks22
) (/usr/local/texlive/2014/texmf-dist/tex/generic/oberdiek/pdftexcmds.sty
Package: pdftexcmds 2011/11/29 v0.20 Utility functions of pdfTeX for LuaTeX (HO
)

(/usr/local/texlive/2014/texmf-dist/tex/generic/oberdiek/ifluatex.sty
Package: ifluatex 2010/03/01 v1.3 Provides the ifluatex switch (HO)
Package ifluatex Info: LuaTeX not detected.
)
(/usr/local/texlive/2014/texmf-dist/tex/generic/oberdiek/ifpdf.sty
Package: ifpdf 2011/01/30 v2.3 Provides the ifpdf switch (HO)
Package ifpdf Info: pdfTeX in PDF mode is detected.
)
Package pdftexcmds Info: LuaTeX not detected.
Package pdftexcmds Info: \pdf@primitive is available.
Package pdftexcmds Info: \pdf@ifprimitive is available.
Package pdftexcmds Info: \pdfdraftmode found.
)
(/usr/local/texlive/2014/texmf-dist/tex/latex/oberdiek/epstopdf-base.sty
Package: epstopdf-base 2010/02/09 v2.5 Base part for package epstopdf

(/usr/local/texlive/2014/texmf-dist/tex/latex/oberdiek/grfext.sty
Package: grfext 2010/08/19 v1.1 Manage graphics extensions (HO)

(/usr/local/texlive/2014/texmf-dist/tex/generic/oberdiek/kvdefinekeys.sty
Package: kvdefinekeys 2011/04/07 v1.3 Define keys (HO)
))
(/usr/local/texlive/2014/texmf-dist/tex/latex/oberdiek/kvoptions.sty
Package: kvoptions 2011/06/30 v3.11 Key value format for package options (HO)

(/usr/local/texlive/2014/texmf-dist/tex/generic/oberdiek/kvsetkeys.sty
Package: kvsetkeys 2012/04/25 v1.16 Key value parser (HO)

(/usr/local/texlive/2014/texmf-dist/tex/generic/oberdiek/etexcmds.sty
Package: etexcmds 2011/02/16 v1.5 Avoid name clashes with e-TeX commands (HO)
Package etexcmds Info: Could not find \expanded.
(etexcmds)             That can mean that you are not using pdfTeX 1.50 or
(etexcmds)             that some package has redefined \expanded.
(etexcmds)             In the latter case, load this package earlier.
)))
Package grfext Info: Graphics extension search list:
(grfext)             [.png,.pdf,.jpg,.mps,.jpeg,.jbig2,.jb2,.PNG,.PDF,.JPG,.JPE
G,.JBIG2,.JB2,.eps]
(grfext)             \AppendGraphicsExtensions on input line 452.

(/usr/local/texlive/2014/texmf-dist/tex/latex/latexconfig/epstopdf-sys.cfg
File: epstopdf-sys.cfg 2010/07/13 v1.3 Configuration of (r)epstopdf for TeX Liv
e
))
[1

{/usr/local/texlive/2014/texmf-var/fonts/map/pdftex/updmap/pdftex.map}]
[2]
Package color Info: Redefining color shadecolor on input line 72.
LaTeX Font Info:    Font shape `OT1/cmtt/bx/n' in size <10> not available
(Font)              Font shape `OT1/cmtt/m/n' tried instead on input line 74.
 <figure/unnamed-chunk-1-1.pdf, id=12, 505.89pt x 505.89pt>
File: figure/unnamed-chunk-1-1.pdf Graphic file (type pdf)

<use figure/unnamed-chunk-1-1.pdf>
Package pdftex.def Info: figure/unnamed-chunk-1-1.pdf used on input line 79.
(pdftex.def)             Requested size: 327.22218pt x 327.2267pt.
Package color Info: Redefining color shadecolor on input line 88.

Overfull \hbox (24.52475pt too wide) in paragraph at lines 118--118
[]\OT1/cmtt/m/n/10 ##         1          2          3          4          5    
      6[] 
 []


Overfull \hbox (24.52475pt too wide) in paragraph at lines 118--118
[]\OT1/cmtt/m/n/10 ##  0.007846   0.019363   0.025865  -0.130556   0.056842   0
.054601[] 
 []

[3 <./figure/unnamed-chunk-1-1.pdf>]
Package color Info: Redefining color shadecolor on input line 127.

<figure/unnamed-chunk-3-1.pdf, id=22, 505.89pt x 505.89pt>
File: figure/unnamed-chunk-3-1.pdf Graphic file (type pdf)

<use figure/unnamed-chunk-3-1.pdf>
Package pdftex.def Info: figure/unnamed-chunk-3-1.pdf used on input line 133.
(pdftex.def)             Requested size: 327.22218pt x 327.2267pt.
 [4]
Package color Info: Redefining color shadecolor on input line 142.
Package color Info: Redefining color shadecolor on input line 157.
Package color Info: Redefining color shadecolor on input line 174.
 [5 <./figure/unnamed-chunk-3-1.pdf>]
Package color Info: Redefining color shadecolor on input line 197.

Overfull \hbox (8.77489pt too wide) in paragraph at lines 201--201
[]  []\OT1/cmtt/m/n/10 logit[] []=[] []glm[][](Y[] []~[] []X1[] []+[] []X2[] []
+[] []X3,[] []data[] []= dat,[] []family[] []=[] []"binomial"[][])[][] 
 []


Overfull \hbox (24.52475pt too wide) in paragraph at lines 229--229
[]\OT1/cmtt/m/n/10 ## glm(formula = Y ~ X1 + X2 + X3, family = "binomial", data
 = dat)[] 
 []


Overfull \hbox (14.02484pt too wide) in paragraph at lines 229--229
[]\OT1/cmtt/m/n/10 ## Signif. codes:  0 ^^M***^^M 0.001 ^^M**^^M 0.01 ^^M*^^M 0
.05 ^^M.^^M 0.1 ^^M ^^M 1[] 
 []


Overfull \hbox (128.3171pt too wide) detected at line 233
[] \OT1/cmr/m/n/10 = [] = []
 []

[6]
Package color Info: Redefining color shadecolor on input line 238.
LaTeX Font Info:    Try loading font information for OMS+cmr on input line 262.

 (/usr/local/texlive/2014/texmf-dist/tex/latex/base/omscmr.fd
File: omscmr.fd 1999/05/25 v2.5h Standard LaTeX font definitions
)
LaTeX Font Info:    Font shape `OMS/cmr/m/n' in size <10> not available
(Font)              Font shape `OMS/cmsy/m/n' tried instead on input line 262.
Package color Info: Redefining color shadecolor on input line 272.
Package color Info: Redefining color shadecolor on input line 295.

Overfull \hbox (24.52475pt too wide) in paragraph at lines 327--327
[]\OT1/cmtt/m/n/10 ##         1          2          3          4          5    
      6[] 
 []


Overfull \hbox (24.52475pt too wide) in paragraph at lines 327--327
[]\OT1/cmtt/m/n/10 ##  0.007846   0.019363   0.025865  -0.130556   0.056842   0
.054601[] 
 []

[7]
Package color Info: Redefining color shadecolor on input line 351.
 [8]
Package color Info: Redefining color shadecolor on input line 378.
Package color Info: Redefining color shadecolor on input line 442.
 [9]
Overfull \hbox (8.77489pt too wide) in paragraph at lines 446--446
[]  []\OT1/cmtt/m/n/10 logit[] []=[] []glm[][](Y[] []~[] []X1[] []+[] []X2[] []
+[] []X3,[] []data[] []= dat,[] []family[] []=[] []"binomial"[][])[][] 
 []


Overfull \hbox (24.52475pt too wide) in paragraph at lines 474--474
[]\OT1/cmtt/m/n/10 ## glm(formula = Y ~ X1 + X2 + X3, family = "binomial", data
 = dat)[] 
 []


Overfull \hbox (14.02484pt too wide) in paragraph at lines 474--474
[]\OT1/cmtt/m/n/10 ## Signif. codes:  0 ^^M***^^M 0.001 ^^M**^^M 0.01 ^^M*^^M 0
.05 ^^M.^^M 0.1 ^^M ^^M 1[] 
 []

Missing character: There is no â in font cmr10!
Missing character: There is no ˆ in font cmr10!
Missing character: There is no — in font cmr10!
Missing character: There is no â in font cmr10!
Missing character: There is no ˆ in font cmr10!
Missing character: There is no ’ in font cmr10!
Missing character: There is no â in font cmr10!
Missing character: There is no ˆ in font cmr10!
Missing character: There is no — in font cmr10!
Missing character: There is no â in font cmr10!
Missing character: There is no ˆ in font cmr10!
Missing character: There is no — in font cmr10!
Missing character: There is no â in font cmr10!
Missing character: There is no ˆ in font cmr10!
Missing character: There is no — in font cmr10!
Missing character: There is no â in font cmr10!
Missing character: There is no ˆ in font cmr10!
Missing character: There is no — in font cmr10!
Missing character: There is no â in font cmr10!
Missing character: There is no ˆ in font cmr10!
Missing character: There is no ’ in font cmr10!
Missing character: There is no â in font cmr10!
Missing character: There is no ˆ in font cmr10!
Missing character: There is no ’ in font cmr10!
Missing character: There is no â in font cmr10!
Missing character: There is no ˆ in font cmr10!
Missing character: There is no — in font cmr10!
Missing character: There is no â in font cmr10!
Missing character: There is no ˆ in font cmr10!
Missing character: There is no — in font cmr10!
Missing character: There is no â in font cmr10!
Missing character: There is no ˆ in font cmr10!
Missing character: There is no — in font cmr10!
Package color Info: Redefining color shadecolor on input line 486.
[10]
Package color Info: Redefining color shadecolor on input line 513.
Package color Info: Redefining color shadecolor on input line 567.

Overfull \hbox (108.52402pt too wide) in paragraph at lines 569--569
[]  []\OT1/cmtt/m/n/10 logitF[] []=[] []glm[][](Y[] []~[] []X1[][]+[][]X2[][]+[
][]I[][](X1[][]^[][]2[][])[][]+[][]I[][](X2[][]^[][]2[][])[][]+[][]I[][](X1[][]
*[][]X2),[] []data[] []= dat,[] []family[] []=[] []"binomial"[][])[][] 
 []

[11]
Package color Info: Redefining color shadecolor on input line 628.
LaTeX Font Info:    Try loading font information for OMS+cmtt on input line 638
.

(/Library/Frameworks/R.framework/Resources/share/texmf/tex/latex/omscmtt.fd
File: omscmtt.fd 
)
LaTeX Font Info:    Font shape `OMS/cmtt/m/n' in size <10> not available
(Font)              Font shape `OMS/cmsy/m/n' tried instead on input line 638.

[12] [13]
Package color Info: Redefining color shadecolor on input line 695.
 [14]
Package color Info: Redefining color shadecolor on input line 761.

Overfull \hbox (50.77452pt too wide) in paragraph at lines 763--763
[]  []\OT1/cmtt/m/n/10 model[] []=[] []glm[][](y[] []~[] []x1[] []+[] []x2[] []
+[] []I[][](x1[][]*[][]x2)[] []+[] []I[][](x1[][]^[][]2[][])[] []+[] []I[][](x2
[][]^[][]2[][])[] []+[] []I[][](x1[][]^[][]2[][]*[][]x2[][]^[][]2[][]),[][] 
 []


Overfull \hbox (8.77489pt too wide) in paragraph at lines 827--827
[]\OT1/cmtt/m/n/10 ## y ~ x1 + x2 + I(x1 * x2) + I(x1^2) + I(x2^2) + I(x1^2 * x
2^2)[] 
 []


Overfull \hbox (45.52457pt too wide) in paragraph at lines 827--827
[]\OT1/cmtt/m/n/10 ## Call:  glm(formula = y ~ x1 + x2, family = binomial, data
 = dat.new)[] 
 []

[15]
Package color Info: Redefining color shadecolor on input line 836.

Overfull \hbox (8.77489pt too wide) in paragraph at lines 900--900
[]\OT1/cmtt/m/n/10 ## y ~ x1 + x2 + I(x1 * x2) + I(x1^2) + I(x2^2) + I(x1^2 * x
2^2)[] 
 []


Overfull \hbox (45.52457pt too wide) in paragraph at lines 900--900
[]\OT1/cmtt/m/n/10 ## Call:  glm(formula = y ~ x1 + x2, family = binomial, data
 = dat.new)[] 
 []

[16]
Package color Info: Redefining color shadecolor on input line 911.
 [17]
Overfull \hbox (32.9967pt too wide) in paragraph at lines 940--940
[]  []\OT1/cmtt/m/n/10 X.squ[] []=[] []sum[][](([][]rbind[][](Oj1, Oj0)[][]-[][
]rbind[][](Ej1, Ej0))[][]^[][]2[][]/[][]rbind[][](Ej1, Ej0));X.squ[][] 
 []

[18] [19] (./hw7.aux) ) 
Here is how much of TeX's memory you used:
 2296 strings out of 493117
 31718 string characters out of 6135433
 104878 words of memory out of 5000000
 5722 multiletter control sequences out of 15000+600000
 9182 words of font info for 34 fonts, out of 8000000 for 9000
 1141 hyphenation exceptions out of 8191
 38i,17n,23p,430b,376s stack positions out of 5000i,500n,10000p,200000b,80000s
</usr/local/texlive/2014/texmf-dist/fonts/type1/public/a
msfonts/cm/cmbx12.pfb></usr/local/texlive/2014/texmf-dist/fonts/type1/public/am
sfonts/cm/cmex10.pfb></usr/local/texlive/2014/texmf-dist/fonts/type1/public/ams
fonts/cm/cmmi10.pfb></usr/local/texlive/2014/texmf-dist/fonts/type1/public/amsf
onts/cm/cmmi5.pfb></usr/local/texlive/2014/texmf-dist/fonts/type1/public/amsfon
ts/cm/cmmi7.pfb></usr/local/texlive/2014/texmf-dist/fonts/type1/public/amsfonts
/cm/cmr10.pfb></usr/local/texlive/2014/texmf-dist/fonts/type1/public/amsfonts/c
m/cmr12.pfb></usr/local/texlive/2014/texmf-dist/fonts/type1/public/amsfonts/cm/
cmr5.pfb></usr/local/texlive/2014/texmf-dist/fonts/type1/public/amsfonts/cm/cmr
7.pfb></usr/local/texlive/2014/texmf-dist/fonts/type1/public/amsfonts/cm/cmsy10
.pfb></usr/local/texlive/2014/texmf-dist/fonts/type1/public/amsfonts/cm/cmsy5.p
fb></usr/local/texlive/2014/texmf-dist/fonts/type1/public/amsfonts/cm/cmsy7.pfb
></usr/local/texlive/2014/texmf-dist/fonts/type1/public/amsfonts/cm/cmtt10.pfb>

Output written on hw7.pdf (19 pages, 180081 bytes).
PDF statistics:
 130 PDF objects out of 1000 (max. 8388607)
 91 compressed objects within 1 object stream
 0 named destinations out of 1000 (max. 500000)
 11 words of extra memory for PDF output out of 10000 (max. 10000000)

