This is pdfTeX, Version 3.14159265-2.6-1.40.15 (TeX Live 2014) (preloaded format=pdflatex 2014.5.25)  19 FEB 2015 10:03
entering extended mode
 \write18 enabled.
 %&-line parsing enabled.
**hw5.tex
(./hw5.tex
LaTeX2e <2014/05/01>
Babel <3.9k> and hyphenation patterns for 78 languages loaded.
(/usr/local/texlive/2014/texmf-dist/tex/latex/base/article.cls
Document Class: article 2007/10/19 v1.4h Standard LaTeX document class
(/usr/local/texlive/2014/texmf-dist/tex/latex/base/size10.clo
File: size10.clo 2007/10/19 v1.4h Standard LaTeX file (size option)
)
\c@part=\count79
\c@section=\count80
\c@subsection=\count81
\c@subsubsection=\count82
\c@paragraph=\count83
\c@subparagraph=\count84
\c@figure=\count85
\c@table=\count86
\abovecaptionskip=\skip41
\belowcaptionskip=\skip42
\bibindent=\dimen102
)
(/usr/local/texlive/2014/texmf-dist/tex/latex/graphics/graphicx.sty
Package: graphicx 2014/04/25 v1.0g Enhanced LaTeX Graphics (DPC,SPQR)

(/usr/local/texlive/2014/texmf-dist/tex/latex/graphics/keyval.sty
Package: keyval 2014/05/08 v1.15 key=value parser (DPC)
\KV@toks@=\toks14
)
(/usr/local/texlive/2014/texmf-dist/tex/latex/graphics/graphics.sty
Package: graphics 2009/02/05 v1.0o Standard LaTeX Graphics (DPC,SPQR)

(/usr/local/texlive/2014/texmf-dist/tex/latex/graphics/trig.sty
Package: trig 1999/03/16 v1.09 sin cos tan (DPC)
)
(/usr/local/texlive/2014/texmf-dist/tex/latex/latexconfig/graphics.cfg
File: graphics.cfg 2010/04/23 v1.9 graphics configuration of TeX Live
)
Package graphics Info: Driver file: pdftex.def on input line 91.

(/usr/local/texlive/2014/texmf-dist/tex/latex/pdftex-def/pdftex.def
File: pdftex.def 2011/05/27 v0.06d Graphics/color for pdfTeX

(/usr/local/texlive/2014/texmf-dist/tex/generic/oberdiek/infwarerr.sty
Package: infwarerr 2010/04/08 v1.3 Providing info/warning/error messages (HO)
)
(/usr/local/texlive/2014/texmf-dist/tex/generic/oberdiek/ltxcmds.sty
Package: ltxcmds 2011/11/09 v1.22 LaTeX kernel commands for general use (HO)
)
\Gread@gobject=\count87
))
\Gin@req@height=\dimen103
\Gin@req@width=\dimen104
)
(/usr/local/texlive/2014/texmf-dist/tex/latex/graphics/color.sty
Package: color 2014/04/23 v1.1a Standard LaTeX Color (DPC)

(/usr/local/texlive/2014/texmf-dist/tex/latex/latexconfig/color.cfg
File: color.cfg 2007/01/18 v1.5 color configuration of teTeX/TeXLive
)
Package color Info: Driver file: pdftex.def on input line 137.
)
(/usr/local/texlive/2014/texmf-dist/tex/latex/framed/framed.sty
Package: framed 2011/10/22 v 0.96: framed or shaded text with page breaks
\OuterFrameSep=\skip43
\fb@frw=\dimen105
\fb@frh=\dimen106
\FrameRule=\dimen107
\FrameSep=\dimen108
)
(/usr/local/texlive/2014/texmf-dist/tex/latex/base/alltt.sty
Package: alltt 1997/06/16 v2.0g defines alltt environment
)
(/usr/local/texlive/2014/texmf-dist/tex/latex/tools/enumerate.sty
Package: enumerate 1999/03/05 v3.00 enumerate extensions (DPC)
\@enLab=\toks15
)
(/usr/local/texlive/2014/texmf-dist/tex/latex/amsmath/amsmath.sty
Package: amsmath 2013/01/14 v2.14 AMS math features
\@mathmargin=\skip44

For additional information on amsmath, use the `?' option.
(/usr/local/texlive/2014/texmf-dist/tex/latex/amsmath/amstext.sty
Package: amstext 2000/06/29 v2.01

(/usr/local/texlive/2014/texmf-dist/tex/latex/amsmath/amsgen.sty
File: amsgen.sty 1999/11/30 v2.0
\@emptytoks=\toks16
\ex@=\dimen109
))
(/usr/local/texlive/2014/texmf-dist/tex/latex/amsmath/amsbsy.sty
Package: amsbsy 1999/11/29 v1.2d
\pmbraise@=\dimen110
)
(/usr/local/texlive/2014/texmf-dist/tex/latex/amsmath/amsopn.sty
Package: amsopn 1999/12/14 v2.01 operator names
)
\inf@bad=\count88
LaTeX Info: Redefining \frac on input line 210.
\uproot@=\count89
\leftroot@=\count90
LaTeX Info: Redefining \overline on input line 306.
\classnum@=\count91
\DOTSCASE@=\count92
LaTeX Info: Redefining \ldots on input line 378.
LaTeX Info: Redefining \dots on input line 381.
LaTeX Info: Redefining \cdots on input line 466.
\Mathstrutbox@=\box26
\strutbox@=\box27
\big@size=\dimen111
LaTeX Font Info:    Redeclaring font encoding OML on input line 566.
LaTeX Font Info:    Redeclaring font encoding OMS on input line 567.
\macc@depth=\count93
\c@MaxMatrixCols=\count94
\dotsspace@=\muskip10
\c@parentequation=\count95
\dspbrk@lvl=\count96
\tag@help=\toks17
\row@=\count97
\column@=\count98
\maxfields@=\count99
\andhelp@=\toks18
\eqnshift@=\dimen112
\alignsep@=\dimen113
\tagshift@=\dimen114
\tagwidth@=\dimen115
\totwidth@=\dimen116
\lineht@=\dimen117
\@envbody=\toks19
\multlinegap=\skip45
\multlinetaggap=\skip46
\mathdisplay@stack=\toks20
LaTeX Info: Redefining \[ on input line 2665.
LaTeX Info: Redefining \] on input line 2666.
)
(/usr/local/texlive/2014/texmf-dist/tex/latex/upquote/upquote.sty
Package: upquote 2012/04/19 v1.3 upright-quote and grave-accent glyphs in verba
tim
) (./hw5.aux)
\openout1 = `hw5.aux'.

LaTeX Font Info:    Checking defaults for OML/cmm/m/it on input line 54.
LaTeX Font Info:    ... okay on input line 54.
LaTeX Font Info:    Checking defaults for T1/cmr/m/n on input line 54.
LaTeX Font Info:    ... okay on input line 54.
LaTeX Font Info:    Checking defaults for OT1/cmr/m/n on input line 54.
LaTeX Font Info:    ... okay on input line 54.
LaTeX Font Info:    Checking defaults for OMS/cmsy/m/n on input line 54.
LaTeX Font Info:    ... okay on input line 54.
LaTeX Font Info:    Checking defaults for OMX/cmex/m/n on input line 54.
LaTeX Font Info:    ... okay on input line 54.
LaTeX Font Info:    Checking defaults for U/cmr/m/n on input line 54.
LaTeX Font Info:    ... okay on input line 54.

(/usr/local/texlive/2014/texmf-dist/tex/context/base/supp-pdf.mkii
[Loading MPS to PDF converter (version 2006.09.02).]
\scratchcounter=\count100
\scratchdimen=\dimen118
\scratchbox=\box28
\nofMPsegments=\count101
\nofMParguments=\count102
\everyMPshowfont=\toks21
\MPscratchCnt=\count103
\MPscratchDim=\dimen119
\MPnumerator=\count104
\makeMPintoPDFobject=\count105
\everyMPtoPDFconversion=\toks22
) (/usr/local/texlive/2014/texmf-dist/tex/generic/oberdiek/pdftexcmds.sty
Package: pdftexcmds 2011/11/29 v0.20 Utility functions of pdfTeX for LuaTeX (HO
)

(/usr/local/texlive/2014/texmf-dist/tex/generic/oberdiek/ifluatex.sty
Package: ifluatex 2010/03/01 v1.3 Provides the ifluatex switch (HO)
Package ifluatex Info: LuaTeX not detected.
)
(/usr/local/texlive/2014/texmf-dist/tex/generic/oberdiek/ifpdf.sty
Package: ifpdf 2011/01/30 v2.3 Provides the ifpdf switch (HO)
Package ifpdf Info: pdfTeX in PDF mode is detected.
)
Package pdftexcmds Info: LuaTeX not detected.
Package pdftexcmds Info: \pdf@primitive is available.
Package pdftexcmds Info: \pdf@ifprimitive is available.
Package pdftexcmds Info: \pdfdraftmode found.
)
(/usr/local/texlive/2014/texmf-dist/tex/latex/oberdiek/epstopdf-base.sty
Package: epstopdf-base 2010/02/09 v2.5 Base part for package epstopdf

(/usr/local/texlive/2014/texmf-dist/tex/latex/oberdiek/grfext.sty
Package: grfext 2010/08/19 v1.1 Manage graphics extensions (HO)

(/usr/local/texlive/2014/texmf-dist/tex/generic/oberdiek/kvdefinekeys.sty
Package: kvdefinekeys 2011/04/07 v1.3 Define keys (HO)
))
(/usr/local/texlive/2014/texmf-dist/tex/latex/oberdiek/kvoptions.sty
Package: kvoptions 2011/06/30 v3.11 Key value format for package options (HO)

(/usr/local/texlive/2014/texmf-dist/tex/generic/oberdiek/kvsetkeys.sty
Package: kvsetkeys 2012/04/25 v1.16 Key value parser (HO)

(/usr/local/texlive/2014/texmf-dist/tex/generic/oberdiek/etexcmds.sty
Package: etexcmds 2011/02/16 v1.5 Avoid name clashes with e-TeX commands (HO)
Package etexcmds Info: Could not find \expanded.
(etexcmds)             That can mean that you are not using pdfTeX 1.50 or
(etexcmds)             that some package has redefined \expanded.
(etexcmds)             In the latter case, load this package earlier.
)))
Package grfext Info: Graphics extension search list:
(grfext)             [.png,.pdf,.jpg,.mps,.jpeg,.jbig2,.jb2,.PNG,.PDF,.JPG,.JPE
G,.JBIG2,.JB2,.eps]
(grfext)             \AppendGraphicsExtensions on input line 452.

(/usr/local/texlive/2014/texmf-dist/tex/latex/latexconfig/epstopdf-sys.cfg
File: epstopdf-sys.cfg 2010/07/13 v1.3 Configuration of (r)epstopdf for TeX Liv
e
))
[1

{/usr/local/texlive/2014/texmf-var/fonts/map/pdftex/updmap/pdftex.map}]
[2]
Package color Info: Redefining color shadecolor on input line 71.
LaTeX Font Info:    Font shape `OT1/cmtt/bx/n' in size <10> not available
(Font)              Font shape `OT1/cmtt/m/n' tried instead on input line 73.

Overfull \hbox (29.7747pt too wide) in paragraph at lines 77--77
\OT1/cmtt/m/it/10 ## gdata: read.xls support for 'XLS' (Excel 97-2004) files EN
ABLED. 
 []


Overfull \hbox (24.52475pt too wide) in paragraph at lines 77--77
\OT1/cmtt/m/it/10 ## gdata: read.xls support for 'XLSX' (Excel 2007+) files ENA
BLED. 
 []


Overfull \hbox (61.27443pt too wide) in paragraph at lines 81--81
[]    []\OT1/cmtt/m/n/10 dat.stan[,j][] []=[] [](dat1[,j][] []-[] []mean[][](da
t1[,j]))[][]/[][]([][]sd[][](dat1[,j])[][]*[][]([][]sqrt[][]([][]25[][]-[][]1[]
[])))[][] 
 []

<figure/unnamed-chunk-1-1.pdf, id=12, 505.89pt x 505.89pt>
File: figure/unnamed-chunk-1-1.pdf Graphic file (type pdf)

<use figure/unnamed-chunk-1-1.pdf>
Package pdftex.def Info: figure/unnamed-chunk-1-1.pdf used on input line 86.
(pdftex.def)             Requested size: 327.22218pt x 327.2267pt.
 [3]
Overfull \hbox (61.27443pt too wide) in paragraph at lines 98--98
[]\OT1/cmtt/m/n/10 ##             Y          X1          X2         X3         
 X4         X5[] 
 []


Overfull \hbox (61.27443pt too wide) in paragraph at lines 98--98
[]\OT1/cmtt/m/n/10 ## Y   1.0000000 -0.11453460  0.92345442  0.7413715  0.22497
528 0.96813120[] 
 []


Overfull \hbox (61.27443pt too wide) in paragraph at lines 98--98
[]\OT1/cmtt/m/n/10 ## X1 -0.1145346  1.00000000 -0.01415504 -0.1885895 -0.36265
249 0.02700832[] 
 []


Overfull \hbox (61.27443pt too wide) in paragraph at lines 98--98
[]\OT1/cmtt/m/n/10 ## X2  0.9234544 -0.01415504  1.00000000  0.8000696  0.22412
565 0.87786360[] 
 []


Overfull \hbox (61.27443pt too wide) in paragraph at lines 98--98
[]\OT1/cmtt/m/n/10 ## X3  0.7413715 -0.18858951  0.80006959  1.0000000  0.16609
137 0.67269398[] 
 []


Overfull \hbox (61.27443pt too wide) in paragraph at lines 98--98
[]\OT1/cmtt/m/n/10 ## X4  0.2249753 -0.36265249  0.22412565  0.1660914  1.00000
000 0.08929658[] 
 []


Overfull \hbox (61.27443pt too wide) in paragraph at lines 98--98
[]\OT1/cmtt/m/n/10 ## X5  0.9681312  0.02700832  0.87786360  0.6726940  0.08929
658 1.00000000[] 
 []

Package color Info: Redefining color shadecolor on input line 107.

Overfull \hbox (24.52475pt too wide) in paragraph at lines 132--132
[]\OT1/cmtt/m/n/10 ##            [,1]         [,2]        [,3]        [,4]     
   [,5][] 
 []


Overfull \hbox (24.52475pt too wide) in paragraph at lines 132--132
[]\OT1/cmtt/m/n/10 ## [1,] -0.1012189  0.720376426  0.63332131 -0.25097092  0.0
8203814[] 
 []


Overfull \hbox (24.52475pt too wide) in paragraph at lines 132--132
[]\OT1/cmtt/m/n/10 ## [2,]  0.5913231  0.122265531  0.09155295  0.08619205 -0.7
8713218[] 
 []


Overfull \hbox (24.52475pt too wide) in paragraph at lines 132--132
[]\OT1/cmtt/m/n/10 ## [3,]  0.5475583  0.004633543 -0.24983677 -0.73925733  0.3
0205730[] 
 []


Overfull \hbox (24.52475pt too wide) in paragraph at lines 132--132
[]\OT1/cmtt/m/n/10 ## [4,]  0.1893656 -0.646792392  0.72651658 -0.06042441  0.1
1967806[] 
 []


Overfull \hbox (24.52475pt too wide) in paragraph at lines 132--132
[]\OT1/cmtt/m/n/10 ## [5,]  0.5517357  0.218511047  0.01665599  0.61598053  0.5
1781389[] 
 []

[4 <./figure/unnamed-chunk-1-1.pdf>]
Package color Info: Redefining color shadecolor on input line 141.

Overfull \hbox (14.02484pt too wide) in paragraph at lines 168--168
[]\OT1/cmtt/m/n/10 ## Signif. codes:  0 ^^M***^^M 0.001 ^^M**^^M 0.01 ^^M*^^M 0
.05 ^^M.^^M 0.1 ^^M ^^M 1[] 
 []


Overfull \hbox (14.02484pt too wide) in paragraph at lines 185--185
[]\OT1/cmtt/m/n/10 ## Signif. codes:  0 ^^M***^^M 0.001 ^^M**^^M 0.01 ^^M*^^M 0
.05 ^^M.^^M 0.1 ^^M ^^M 1[] 
 []

[5]
Package color Info: Redefining color shadecolor on input line 193.

Overfull \hbox (8.77489pt too wide) in paragraph at lines 204--204
[]\OT1/cmtt/m/n/10 ## Warning in vif.lm(fit): No intercept term detected.  Resu
lts
 []

Package color Info: Redefining color shadecolor on input line 216.

Overfull \hbox (77.02429pt too wide) in paragraph at lines 250--250
[]\OT1/cmtt/m/n/10 ## linearRidge(formula = Y ~ 0 + ., data = dat, lambda = k, 
scaling = "none")[] 
 []


Overfull \hbox (77.02429pt too wide) in paragraph at lines 273--273
[]\OT1/cmtt/m/n/10 ## linearRidge(formula = Y ~ 0 + ., data = dat, lambda = k, 
scaling = "none")[] 
 []


Overfull \hbox (14.02484pt too wide) in paragraph at lines 273--273
[]\OT1/cmtt/m/n/10 ## Signif. codes:  0 ^^M***^^M 0.001 ^^M**^^M 0.01 ^^M*^^M 0
.05 ^^M.^^M 0.1 ^^M ^^M 1[] 
 []


Overfull \hbox (24.52475pt too wide) in paragraph at lines 273--273
[]\OT1/cmtt/m/n/10 ## Degrees of freedom: model 3.053 , variance 2.167 , residu
al 3.94[] 
 []

[6]
Package color Info: Redefining color shadecolor on input line 282.
 <figure/unnamed-chunk-6-1.pdf, id=33, 505.89pt x 505.89pt>
File: figure/unnamed-chunk-6-1.pdf Graphic file (type pdf)

<use figure/unnamed-chunk-6-1.pdf>
Package pdftex.def Info: figure/unnamed-chunk-6-1.pdf used on input line 287.
(pdftex.def)             Requested size: 327.22218pt x 327.2267pt.
 [7]
<figure/unnamed-chunk-6-2.pdf, id=38, 505.89pt x 505.89pt>
File: figure/unnamed-chunk-6-2.pdf Graphic file (type pdf)

<use figure/unnamed-chunk-6-2.pdf>
Package pdftex.def Info: figure/unnamed-chunk-6-2.pdf used on input line 295.
(pdftex.def)             Requested size: 327.22218pt x 327.2267pt.
 [8 <./figure/unnamed-chunk-6-1.pdf>]
Package color Info: Redefining color shadecolor on input line 304.

Overfull \hbox (3.52493pt too wide) in paragraph at lines 306--306
[]  []\OT1/cmtt/m/n/10 ans[] []=[] []solve[][](P[] []+[] []diag[][](k,[][]5[][]
,[][]5[][]))[] []%*%[] []P[] []%*%[] []solve[][](P[] []+[] []diag[][](k,[][]5[]
[],[][]5[][]))[][] 
 []

Package color Info: Redefining color shadecolor on input line 327.
[9 <./figure/unnamed-chunk-6-2.pdf>]
Overfull \hbox (77.02429pt too wide) in paragraph at lines 341--341
[]\OT1/cmtt/m/n/10 ##   [1] -2 -1  0  1  2 -2 -1  0  1  2 -2 -1  0  1  2 -2 -1 
 0  1  2 -2 -1  0[] 
 []


Overfull \hbox (77.02429pt too wide) in paragraph at lines 341--341
[]\OT1/cmtt/m/n/10 ##  [24]  1  2 -2 -1  0  1  2 -2 -1  0  1  2 -2 -1  0  1  2 
-2 -1  0  1  2 -2[] 
 []


Overfull \hbox (77.02429pt too wide) in paragraph at lines 341--341
[]\OT1/cmtt/m/n/10 ##  [47] -1  0  1  2 -2 -1  0  1  2 -2 -1  0  1  2 -2 -1  0 
 1  2 -2 -1  0  1[] 
 []


Overfull \hbox (77.02429pt too wide) in paragraph at lines 341--341
[]\OT1/cmtt/m/n/10 ##  [70]  2 -2 -1  0  1  2 -2 -1  0  1  2 -2 -1  0  1  2 -2 
-1  0  1  2 -2 -1[] 
 []


Overfull \hbox (77.02429pt too wide) in paragraph at lines 341--341
[]\OT1/cmtt/m/n/10 ##  [93]  0  1  2 -2 -1  0  1  2 -2 -1  0  1  2 -2 -1  0  1 
 2 -2 -1  0  1  2[] 
 []


Overfull \hbox (29.7747pt too wide) in paragraph at lines 341--341
[]\OT1/cmtt/m/n/10 ## [116] -2 -1  0  1  2 -2 -1  0  1  2 -2 -1  0  1  2 -2 -1 
 0  1  2[] 
 []


Overfull \hbox (82.27425pt too wide) in paragraph at lines 350--350
[]\OT1/cmtt/m/n/10 ##   [1] 4 1 0 1 4 4 1 0 1 4 4 1 0 1 4 4 1 0 1 4 4 1 0 1 4 4
 1 0 1 4 4 1 0 1 4[] 
 []


Overfull \hbox (82.27425pt too wide) in paragraph at lines 350--350
[]\OT1/cmtt/m/n/10 ##  [36] 4 1 0 1 4 4 1 0 1 4 4 1 0 1 4 4 1 0 1 4 4 1 0 1 4 4
 1 0 1 4 4 1 0 1 4[] 
 []


Overfull \hbox (82.27425pt too wide) in paragraph at lines 350--350
[]\OT1/cmtt/m/n/10 ##  [71] 4 1 0 1 4 4 1 0 1 4 4 1 0 1 4 4 1 0 1 4 4 1 0 1 4 4
 1 0 1 4 4 1 0 1 4[] 
 []


Overfull \hbox (29.7747pt too wide) in paragraph at lines 350--350
[]\OT1/cmtt/m/n/10 ## [106] 4 1 0 1 4 4 1 0 1 4 4 1 0 1 4 4 1 0 1 4 4 1 0 1 4 4
 1 0 1 4[] 
 []

LaTeX Font Info:    Try loading font information for OMS+cmtt on input line 356
.
(/Library/Frameworks/R.framework/Resources/share/texmf/tex/latex/omscmtt.fd
File: omscmtt.fd 
)
LaTeX Font Info:    Font shape `OMS/cmtt/m/n' in size <10> not available
(Font)              Font shape `OMS/cmsy/m/n' tried instead on input line 356.

Overfull \hbox (55.77454pt too wide) in paragraph at lines 356--356
[]  []\OT1/cmtt/m/n/10 sapply[][](datt,[] []function[][]([][]x[][])\OMS/cmsy/m/
n/10 f[][]\OT1/cmtt/m/n/10 interaction.plot[][](x[][]$[][]weeks, x[][]$[][]subj
ect, x[][]$[][]weight,[][] 
 []


Overfull \hbox (134.52385pt too wide) in paragraph at lines 357--357
[]                                            []\OT1/cmtt/m/n/10 ylim[] []=[] [
]c[][]([][]40[][],[] []200[][]),[] []xlab[] []=[] []unique[][](x[][]$[][]treat)
)\OMS/cmsy/m/n/10 g\OT1/cmtt/m/n/10 )[][] 
 []

<figure/unnamed-chunk-8-1.pdf, id=56, 505.89pt x 505.89pt>
File: figure/unnamed-chunk-8-1.pdf Graphic file (type pdf)

<use figure/unnamed-chunk-8-1.pdf>
Package pdftex.def Info: figure/unnamed-chunk-8-1.pdf used on input line 360.
(pdftex.def)             Requested size: 327.22218pt x 327.2267pt.
 [10]
Package color Info: Redefining color shadecolor on input line 377.

<figure/unnamed-chunk-9-1.pdf, id=61, 505.89pt x 505.89pt>
File: figure/unnamed-chunk-9-1.pdf Graphic file (type pdf)

<use figure/unnamed-chunk-9-1.pdf>
Package pdftex.def Info: figure/unnamed-chunk-9-1.pdf used on input line 383.
(pdftex.def)             Requested size: 327.22218pt x 327.2267pt.
 [11 <./figure/unnamed-chunk-8-1.pdf>]
Package color Info: Redefining color shadecolor on input line 392.

Overfull \hbox (161.02356pt too wide) in paragraph at lines 405--405
[]  []\OT1/cmtt/m/n/10 fit[] []=[] []lmer[][](weight[] []~[] []factor[][](weeks
)[] []+[] []treat[] []+[] []factor[][](weeks)[][]:[][]treat[] []+[] []([][]1[][
]|[][]subject),[] []data[] []= dat )[][] 
 []

<figure/unnamed-chunk-10-1.pdf, id=70, 505.89pt x 505.89pt>
File: figure/unnamed-chunk-10-1.pdf Graphic file (type pdf)

<use figure/unnamed-chunk-10-1.pdf>
Package pdftex.def Info: figure/unnamed-chunk-10-1.pdf used on input line 410.
(pdftex.def)             Requested size: 327.22218pt x 327.2267pt.
 [12 <./figure/unnamed-chunk-9-1.pdf>]
<figure/unnamed-chunk-10-2.pdf, id=79, 505.89pt x 505.89pt>
File: figure/unnamed-chunk-10-2.pdf Graphic file (type pdf)

<use figure/unnamed-chunk-10-2.pdf>
Package pdftex.def Info: figure/unnamed-chunk-10-2.pdf used on input line 415.
(pdftex.def)             Requested size: 327.22218pt x 327.2267pt.
 [13 <./figure/unnamed-chunk-10-1.pdf>]
<figure/unnamed-chunk-10-3.pdf, id=89, 505.89pt x 505.89pt>
File: figure/unnamed-chunk-10-3.pdf Graphic file (type pdf)

<use figure/unnamed-chunk-10-3.pdf>
Package pdftex.def Info: figure/unnamed-chunk-10-3.pdf used on input line 421.
(pdftex.def)             Requested size: 327.22218pt x 327.2267pt.
 [14 <./figure/unnamed-chunk-10-2.pdf>]
Package color Info: Redefining color shadecolor on input line 430.

Overfull \hbox (45.52457pt too wide) in paragraph at lines 531--531
[]\OT1/cmtt/m/n/10 ## weight ~ factor(weeks) + treat + factor(weeks):treat + (1
 | subject)[] 
 []


Overfull \hbox (35.02466pt too wide) in paragraph at lines 531--531
[]\OT1/cmtt/m/n/10 ##                   (Intr) fct()1 fct()2 fct()3 fct()4 trtt
hr trtthy[] 
 []


Overfull \hbox (35.02466pt too wide) in paragraph at lines 531--531
[]\OT1/cmtt/m/n/10 ## fctr(wks)1:trtthr  0.320 -0.707 -0.354 -0.354 -0.354 -0.4
52 -0.205[] 
 []


Overfull \hbox (35.02466pt too wide) in paragraph at lines 531--531
[]\OT1/cmtt/m/n/10 ## fctr(wks)2:trtthr  0.320 -0.354 -0.707 -0.354 -0.354 -0.4
52 -0.205[] 
 []


Overfull \hbox (35.02466pt too wide) in paragraph at lines 531--531
[]\OT1/cmtt/m/n/10 ## fctr(wks)3:trtthr  0.320 -0.354 -0.354 -0.707 -0.354 -0.4
52 -0.205[] 
 []


Overfull \hbox (35.02466pt too wide) in paragraph at lines 531--531
[]\OT1/cmtt/m/n/10 ## fctr(wks)4:trtthr  0.320 -0.354 -0.354 -0.354 -0.707 -0.4
52 -0.205[] 
 []


Overfull \hbox (35.02466pt too wide) in paragraph at lines 531--531
[]\OT1/cmtt/m/n/10 ## fctr(wks)1:trtthy  0.290 -0.642 -0.321 -0.321 -0.321 -0.2
05 -0.452[] 
 []


Overfull \hbox (35.02466pt too wide) in paragraph at lines 531--531
[]\OT1/cmtt/m/n/10 ## fctr(wks)2:trtthy  0.290 -0.321 -0.642 -0.321 -0.321 -0.2
05 -0.452[] 
 []


Overfull \hbox (35.02466pt too wide) in paragraph at lines 531--531
[]\OT1/cmtt/m/n/10 ## fctr(wks)3:trtthy  0.290 -0.321 -0.321 -0.642 -0.321 -0.2
05 -0.452[] 
 []


Overfull \hbox (35.02466pt too wide) in paragraph at lines 531--531
[]\OT1/cmtt/m/n/10 ## fctr(wks)4:trtthy  0.290 -0.321 -0.321 -0.321 -0.642 -0.2
05 -0.452[] 
 []


Overfull \hbox (61.27443pt too wide) in paragraph at lines 531--531
[]\OT1/cmtt/m/n/10 ##                   fctr(wks)1:trtthr fctr(wks)2:trtthr fct
r(wks)3:trtthr[] 
 []


Overfull \hbox (3.52493pt too wide) in paragraph at lines 531--531
[]\OT1/cmtt/m/n/10 ## fctr(wks)4:trtthr  0.500             0.500             0.
500[] 
 []


Overfull \hbox (3.52493pt too wide) in paragraph at lines 531--531
[]\OT1/cmtt/m/n/10 ## fctr(wks)1:trtthy  0.454             0.227             0.
227[] 
 []


Overfull \hbox (3.52493pt too wide) in paragraph at lines 531--531
[]\OT1/cmtt/m/n/10 ## fctr(wks)2:trtthy  0.227             0.454             0.
227[] 
 []


Overfull \hbox (3.52493pt too wide) in paragraph at lines 531--531
[]\OT1/cmtt/m/n/10 ## fctr(wks)3:trtthy  0.227             0.227             0.
454[] 
 []


Overfull \hbox (3.52493pt too wide) in paragraph at lines 531--531
[]\OT1/cmtt/m/n/10 ## fctr(wks)4:trtthy  0.227             0.227             0.
227[] 
 []


Overfull \hbox (61.27443pt too wide) in paragraph at lines 531--531
[]\OT1/cmtt/m/n/10 ##                   fctr(wks)4:trtthr fctr(wks)1:trtthy fct
r(wks)2:trtthy[] 
 []


Overfull \hbox (3.52493pt too wide) in paragraph at lines 531--531
[]\OT1/cmtt/m/n/10 ## fctr(wks)3:trtthy  0.227             0.500             0.
500[] 
 []


Overfull \hbox (3.52493pt too wide) in paragraph at lines 531--531
[]\OT1/cmtt/m/n/10 ## fctr(wks)4:trtthy  0.454             0.500             0.
500[] 
 []


Overfull \hbox (82.27425pt too wide) in paragraph at lines 543--543
[]  []\OT1/cmtt/m/n/10 fit1[] []=[] []lm[][](weight[] []~[] []factor[][](weeks)
[] []+[] []treat[] []+[] []factor[][](weeks)[][]:[][]treat,[] []data[] []= dat 
)[][] 
 []


Overfull \hbox (82.27425pt too wide) in paragraph at lines 544--544
[]  []\OT1/cmtt/m/n/10 fit2[] []=[] []lmer[][](weight[] []~[] []treat[] []+[] [
]factor[][](weeks)[][]:[][]treat[] []+[] []([][]1[][]|[][]subject),[] []data[] 
[]= dat )[][] 
 []


Overfull \hbox (124.27388pt too wide) in paragraph at lines 545--545
[]  []\OT1/cmtt/m/n/10 fit3[] []=[] []lmer[][](weight[] []~[] []factor[][](week
s)[] []+[] []factor[][](weeks)[][]:[][]treat[] []+[] []([][]1[][]|[][]subject),
[] []data[] []= dat )[][] 
 []


Overfull \hbox (50.77452pt too wide) in paragraph at lines 546--546
[]  []\OT1/cmtt/m/n/10 fit4[] []=[] []lmer[][](weight[] []~[] []factor[][](week
s)[] []+[] []treat[] []+[] []([][]1[][]|[][]subject),[] []data[] []= dat )[][] 

 []

[15 <./figure/unnamed-chunk-10-3.pdf>]
Underfull \vbox (badness 10000) detected at line 576
 []


Underfull \vbox (badness 10000) detected at line 576
 []

[16] [17]
Package color Info: Redefining color shadecolor on input line 590.

Overfull \hbox (98.02411pt too wide) in paragraph at lines 592--592
[]  []\OT1/cmtt/m/n/10 model[] []=[] []lmer[][](weight[] []~[] []wk[] []+[] []t
reat[]  []+[] []([][]1[][]|[][]subject)[] []+[] []([][]0[] []+[] []wk[][]|[][]s
ubject),[] []data[] []= dat)[][] 
 []

<figure/unnamed-chunk-12-1.pdf, id=112, 505.89pt x 505.89pt>
File: figure/unnamed-chunk-12-1.pdf Graphic file (type pdf)

<use figure/unnamed-chunk-12-1.pdf>
Package pdftex.def Info: figure/unnamed-chunk-12-1.pdf used on input line 597.
(pdftex.def)             Requested size: 327.22218pt x 327.2267pt.
 [18]
<figure/unnamed-chunk-12-2.pdf, id=116, 505.89pt x 505.89pt>
File: figure/unnamed-chunk-12-2.pdf Graphic file (type pdf)

<use figure/unnamed-chunk-12-2.pdf>
Package pdftex.def Info: figure/unnamed-chunk-12-2.pdf used on input line 602.
(pdftex.def)             Requested size: 327.22218pt x 327.2267pt.
 [19 <./figure/unnamed-chunk-12-1.pdf>]
<figure/unnamed-chunk-12-3.pdf, id=126, 505.89pt x 505.89pt>
File: figure/unnamed-chunk-12-3.pdf Graphic file (type pdf)

<use figure/unnamed-chunk-12-3.pdf>
Package pdftex.def Info: figure/unnamed-chunk-12-3.pdf used on input line 607.
(pdftex.def)             Requested size: 327.22218pt x 327.2267pt.
 [20 <./figure/unnamed-chunk-12-2.pdf>]
Package color Info: Redefining color shadecolor on input line 616.

Overfull \hbox (234.52292pt too wide) in paragraph at lines 618--618
[]  []\OT1/cmtt/m/n/10 model2[] []=[] []lmer[][](weight[] []~[] []wk[] []+[] []
wk2[] []+[] []treat[]  []+[] []([][]1[][]|[][]subject)[][]+[] []([][]0[] []+[] 
[]wk[][]|[][]subject)[][]+[] []([][]0[] []+[] []wk2[][]|[][]subject),[] []data[
] []= dat )[][] 
 []


Overfull \hbox (71.77434pt too wide) in paragraph at lines 655--655
[]\OT1/cmtt/m/n/10 ## Formula: weight ~ wk + wk2 + treat + (1 | subject) + (0 +
 wk | subject) +[] 
 []

[21 <./figure/unnamed-chunk-12-3.pdf>]
Package color Info: Redefining color shadecolor on input line 664.

Overfull \hbox (4.66617pt too wide) in paragraph at lines 680--681
[] \OT1/cmr/m/n/10 The AIC of the first model is 939.0791, which is big-ger tha
n 926.3378(sec-
 []

Package color Info: Redefining color shadecolor on input line 683.

Overfull \hbox (71.77434pt too wide) in paragraph at lines 721--721
[]\OT1/cmtt/m/n/10 ## Formula: weight ~ wk + wk2 + treat + (1 | subject) + (0 +
 wk | subject) +[] 
 []

[22]
Package color Info: Redefining color shadecolor on input line 728.

Overfull \hbox (161.02356pt too wide) in paragraph at lines 730--730
[]  []\OT1/cmtt/m/n/10 model3[] []=[] []lmer[][](weight[] []~[] []wk[] []+[] []
wk2[] []+[] []treat[]  []+[] []([][]1[][]|[][]subject)[] []+[] []wk[][]*[][]tre
at[] []+[] []wk2[][]*[][]treat,[] []data[] []= dat )[][] 
 []


Overfull \hbox (61.27443pt too wide) in paragraph at lines 782--782
[]\OT1/cmtt/m/n/10 ## Formula: weight ~ wk + wk2 + treat + (1 | subject) + wk *
 treat + wk2 *[] 
 []


Overfull \hbox (35.02466pt too wide) in paragraph at lines 782--782
[]\OT1/cmtt/m/n/10 ##             (Intr) wk     wk2    trtthr trtthy wk:trtthr 
wk:trtthy[] 
 []


Overfull \hbox (19.2748pt too wide) in paragraph at lines 782--782
[]\OT1/cmtt/m/n/10 ## wk2:trtthrc  0.269  0.000 -0.707 -0.380 -0.172  0.000    
 0.000[] 
 []


Overfull \hbox (19.2748pt too wide) in paragraph at lines 782--782
[]\OT1/cmtt/m/n/10 ## wk2:trtthyr  0.244  0.000 -0.642 -0.172 -0.380  0.000    
 0.000[] 
 []

[23]
Underfull \hbox (badness 10000) in paragraph at lines 786--789

 []

[24]
Package color Info: Redefining color shadecolor on input line 795.

Overfull \hbox (61.27443pt too wide) in paragraph at lines 848--848
[]\OT1/cmtt/m/n/10 ## Formula: weight ~ wk + wk2 + treat + (1 | subject) + wk *
 treat + wk2 *[] 
 []


Overfull \hbox (35.02466pt too wide) in paragraph at lines 848--848
[]\OT1/cmtt/m/n/10 ##             (Intr) wk     wk2    trtthr trtthy wk:trtthr 
wk:trtthy[] 
 []


Overfull \hbox (19.2748pt too wide) in paragraph at lines 848--848
[]\OT1/cmtt/m/n/10 ## wk2:trtthrc  0.269  0.000 -0.707 -0.380 -0.172  0.000    
 0.000[] 
 []


Overfull \hbox (19.2748pt too wide) in paragraph at lines 848--848
[]\OT1/cmtt/m/n/10 ## wk2:trtthyr  0.244  0.000 -0.642 -0.172 -0.380  0.000    
 0.000[] 
 []


Overfull \hbox (14.02484pt too wide) in paragraph at lines 862--862
[]\OT1/cmtt/m/n/10 ## weight ~ wk + wk2 + treat + (1 | subject) + wk * treat + 
wk2 *[] 
 []

[25]
Overfull \hbox (17.77782pt too wide) detected at line 881
[]
 []

[26]
Overfull \hbox (17.77782pt too wide) detected at line 925
[]
 []

[27] (./hw5.aux) ) 
Here is how much of TeX's memory you used:
 2328 strings out of 493117
 32869 string characters out of 6135433
 110804 words of memory out of 5000000
 5747 multiletter control sequences out of 15000+600000
 9350 words of font info for 35 fonts, out of 8000000 for 9000
 1141 hyphenation exceptions out of 8191
 38i,20n,23p,508b,378s stack positions out of 5000i,500n,10000p,200000b,80000s
</usr/local/texlive/2014/texmf-dist/fonts/type1/public/amsfon
ts/cm/cmbx12.pfb></usr/local/texlive/2014/texmf-dist/fonts/type1/public/amsfont
s/cm/cmex10.pfb></usr/local/texlive/2014/texmf-dist/fonts/type1/public/amsfonts
/cm/cmitt10.pfb></usr/local/texlive/2014/texmf-dist/fonts/type1/public/amsfonts
/cm/cmmi10.pfb></usr/local/texlive/2014/texmf-dist/fonts/type1/public/amsfonts/
cm/cmmi7.pfb></usr/local/texlive/2014/texmf-dist/fonts/type1/public/amsfonts/cm
/cmr10.pfb></usr/local/texlive/2014/texmf-dist/fonts/type1/public/amsfonts/cm/c
mr12.pfb></usr/local/texlive/2014/texmf-dist/fonts/type1/public/amsfonts/cm/cmr
7.pfb></usr/local/texlive/2014/texmf-dist/fonts/type1/public/amsfonts/cm/cmsy10
.pfb></usr/local/texlive/2014/texmf-dist/fonts/type1/public/amsfonts/cm/cmsy5.p
fb></usr/local/texlive/2014/texmf-dist/fonts/type1/public/amsfonts/cm/cmtt10.pf
b>
Output written on hw5.pdf (27 pages, 262731 bytes).
PDF statistics:
 204 PDF objects out of 1000 (max. 8388607)
 140 compressed objects within 2 object streams
 0 named destinations out of 1000 (max. 500000)
 56 words of extra memory for PDF output out of 10000 (max. 10000000)

